<?xml version="1.0" encoding="UTF-8"?>
<testsuites name="jest tests" tests="9" failures="0" errors="0" time="27.66">
  <testsuite name="Datagrid Unit test for cellAccessiblity" errors="0" failures="0" skipped="0" timestamp="2023-06-19T09:49:39" time="16.434" tests="4">
    <testcase classname="Datagrid Unit test for cellAccessiblity cell data accessibility " name="Datagrid Unit test for cellAccessiblity cell data accessibility " time="1.008">
    </testcase>
    <testcase classname="Datagrid Unit test for cellAccessiblity cell data accessibility " name="Datagrid Unit test for cellAccessiblity cell data accessibility " time="0.52">
    </testcase>
    <testcase classname="Datagrid Unit test for cellAccessiblity cell double click event " name="Datagrid Unit test for cellAccessiblity cell double click event " time="0.615">
    </testcase>
    <testcase classname="Datagrid Unit test for cellAccessiblity cell double clicked gives data " name="Datagrid Unit test for cellAccessiblity cell double clicked gives data " time="0.512">
    </testcase>
  </testsuite>
  <testsuite name="Datagrid Unit test" errors="0" failures="0" skipped="0" timestamp="2023-06-19T09:49:39" time="16.588" tests="1">
    <testcase classname="Datagrid Unit test should sort data when user clicks header name" name="Datagrid Unit test should sort data when user clicks header name" time="2.428">
    </testcase>
  </testsuite>
  <testsuite name="Datagrid Unit test" errors="0" failures="0" skipped="0" timestamp="2023-06-19T09:49:39" time="16.621" tests="1">
    <testcase classname="Datagrid Unit test Multiline Header rowdata should be editable on dblClick and new edited data should be rendered in that cell" name="Datagrid Unit test Multiline Header rowdata should be editable on dblClick and new edited data should be rendered in that cell" time="2.29">
    </testcase>
  </testsuite>
  <testsuite name="Datagrid Unit test" errors="0" failures="0" skipped="0" timestamp="2023-06-19T09:49:39" time="16.727" tests="2">
    <testcase classname="Datagrid Unit test Headerdata rendered &amp; on headerCell click it should be selected" name="Datagrid Unit test Headerdata rendered &amp; on headerCell click it should be selected" time="1.683">
    </testcase>
    <testcase classname="Datagrid Unit test Rowdata rendered &amp; on rowCell click it should be selected" name="Datagrid Unit test Rowdata rendered &amp; on rowCell click it should be selected" time="1.024">
    </testcase>
  </testsuite>
  <testsuite name="Datagrid Unit test" errors="0" failures="0" skipped="0" timestamp="2023-06-19T09:49:56" time="4.408" tests="1">
    <testcase classname="Datagrid Unit test All Row selection using HeaderRow Checkbox" name="Datagrid Unit test All Row selection using HeaderRow Checkbox" time="1.023">
    </testcase>
  </testsuite>
</testsuites>