<?xml version="1.0" encoding="UTF-8"?>
<testsuites name="jest tests" tests="24" failures="1" errors="0" time="19.537">
  <testsuite name="Datagrid Unit test" errors="0" failures="0" skipped="0" timestamp="2023-06-15T13:30:52" time="5.864" tests="1">
    <testcase classname="Datagrid Unit test Filter features" name="Datagrid Unit test Filter features" time="1.233">
    </testcase>
  </testsuite>
  <testsuite name="Datagrid Unit test for Summarry Row" errors="0" failures="0" skipped="0" timestamp="2023-06-15T13:30:51" time="8.887" tests="1">
    <testcase classname="Datagrid Unit test for Summarry Row print window check" name="Datagrid Unit test for Summarry Row print window check" time="1.549">
    </testcase>
  </testsuite>
  <testsuite name="Datagrid Unit test for Alignment" errors="0" failures="0" skipped="0" timestamp="2023-06-15T13:30:52" time="9.237" tests="1">
    <testcase classname="Datagrid Unit test for Alignment print window check" name="Datagrid Unit test for Alignment print window check" time="1.84">
    </testcase>
  </testsuite>
  <testsuite name="Datagrid Unit test for contextmenu" errors="0" failures="1" skipped="0" timestamp="2023-06-15T13:30:58" time="3.267" tests="4">
    <testcase classname="Datagrid Unit test for contextmenu context menu and menu click " name="Datagrid Unit test for contextmenu context menu and menu click " time="0.453">
    </testcase>
    <testcase classname="Datagrid Unit test for contextmenu sub contextmenu " name="Datagrid Unit test for contextmenu sub contextmenu " time="0.291">
    </testcase>
    <testcase classname="Datagrid Unit test for contextmenu disabled menu onclick " name="Datagrid Unit test for contextmenu disabled menu onclick " time="0.223">
    </testcase>
    <testcase classname="Datagrid Unit test for contextmenu print window check" name="Datagrid Unit test for contextmenu print window check" time="0.541">
      <failure>TestingLibraryElementError: Unable to find an element by: [data-testid=&quot;print-svg&quot;]

Ignored nodes: comments, script, style
&lt;body
  class=&quot;modal-open&quot;
  data-rr-ui-modal-open=&quot;&quot;
  style=&quot;padding-right: 1024px;&quot;
&gt;
  &lt;div&gt;
    &lt;div
      aria-colcount=&quot;4&quot;
      aria-rowcount=&quot;10&quot;
      class=&quot;rdg r1fgqq0p fill-grid&quot;
      data-testid=&quot;laidatagrid&quot;
      dir=&quot;ltr&quot;
      id=&quot;DataGrid&quot;
      role=&quot;grid&quot;
      style=&quot;background: rgb(184, 204, 228); grid-template-rows: 24px repeat(9, 24px); --rdg-header-row-height: 24px; --rdg-summary-row-height: 24px; --rdg-sign: 1; grid-template-columns: 35px 40px 40px 40px; --rdg-frozen-left-0: 0px;&quot;
    &gt;
      &lt;div
        aria-rowindex=&quot;1&quot;
        class=&quot;rdg-header-row h1w9imsy&quot;
        role=&quot;header-row&quot;
        style=&quot;--rdg-grid-row-start: 1;&quot;
      &gt;
        &lt;div
          aria-colindex=&quot;1&quot;
          class=&quot;rdg-cell c9tygie rdg-cell-frozen c2lsqdy rdg-cell-frozen-last cu9dmmf rdg-header-column-even&quot;
          draggable=&quot;true&quot;
          role=&quot;parentcolumn&quot;
          style=&quot;height: 100%; grid-column-start: 1; inset-inline-start: var(--rdg-frozen-left-0);&quot;
          tabindex=&quot;0&quot;
        &gt;
          &lt;div
            style=&quot;display: flex; height: 100%; align-items: center; justify-content: center;&quot;
          &gt;
            &lt;div&gt;
              &lt;label
                class=&quot;rdg-checkbox-label c1kfjsid&quot;
              &gt;
                &lt;input
                  aria-label=&quot;Select All&quot;
                  class=&quot;rdg-checkbox-input ca4mo9e&quot;
                  tabindex=&quot;-1&quot;
                  type=&quot;checkbox&quot;
                /&gt;
                &lt;div
                  class=&quot;rdg-checkbox ctrhvdq&quot;
                &gt;
                  &lt;div /&gt;
                &lt;/div&gt;
              &lt;/label&gt;
            &lt;/div&gt;
          &lt;/div&gt;
        &lt;/div&gt;
        &lt;div
          aria-colindex=&quot;2&quot;
          class=&quot;rdg-cell c9tygie rdg-header-column-odd&quot;
          draggable=&quot;true&quot;
          role=&quot;parentcolumn&quot;
          style=&quot;height: 100%; grid-column-start: 2;&quot;
          tabindex=&quot;-1&quot;
        &gt;
          &lt;div
            style=&quot;display: flex; height: 100%; align-items: center; justify-content: center;&quot;
          &gt;
            &lt;div
              aria-selected=&quot;false&quot;
              role=&quot;columnheader&quot;
              style=&quot;height: 24px; display: flex; justify-content: center; width: 100%;&quot;
            &gt;
              &lt;div
                style=&quot;display: flex; justify-content: center; align-items: center; height: inherit; width: auto; padding-left: 5px; padding-right: 5px;&quot;
              &gt;
                ID
              &lt;/div&gt;
            &lt;/div&gt;
          &lt;/div&gt;
        &lt;/div&gt;
        &lt;div
          aria-colindex=&quot;3&quot;
          class=&quot;rdg-cell c9tygie rdg-header-column-even&quot;
          draggable=&quot;true&quot;
          role=&quot;parentcolumn&quot;
          style=&quot;height: 100%; grid-column-start: 3;&quot;
          tabindex=&quot;-1&quot;
        &gt;
          &lt;div
            style=&quot;display: flex; height: 100%; align-items: center; justify-content: center;&quot;
          &gt;
            &lt;div
              aria-selected=&quot;false&quot;
              role=&quot;columnheader&quot;
              style=&quot;height: 24px; display: flex; justify-content: center; width: 100%;&quot;
            &gt;
              &lt;div
                style=&quot;display: flex; justify-content: center; align-items: center; height: inherit; width: auto; padding-left: 5px; padding-right: 5px;&quot;
              &gt;
                Product
              &lt;/div&gt;
            &lt;/div&gt;
          &lt;/div&gt;
        &lt;/div&gt;
        &lt;div
          aria-colindex=&quot;4&quot;
          class=&quot;rdg-cell c9tygie rdg-header-column-odd&quot;
          draggable=&quot;true&quot;
          role=&quot;parentcolumn&quot;
          style=&quot;height: 100%; grid-column-start: 4;&quot;
          tabindex=&quot;-1&quot;
        &gt;
          &lt;div
            style=&quot;display: flex; height: 100%; align-items: center; justify-content: center;&quot;
          &gt;
            &lt;div
              aria-selected=&quot;false&quot;
              role=&quot;columnheader&quot;
              style=&quot;height: 24px; display: flex; justify-content: center; width: 100%;&quot;
            &gt;
              &lt;div
                style=&quot;display: flex; justify-content: center; align-items: center; height: inherit; width: auto; padding-left: 5px; padding-right: 5px;&quot;
              &gt;
                Price
              &lt;/div&gt;
            &lt;/div&gt;
          &lt;/div&gt;
        &lt;/div&gt;
      &lt;/div&gt;
      &lt;div
        class=&quot;react-contextmenu-wrapper&quot;
      &gt;
        &lt;div
          aria-rowindex=&quot;2&quot;
          class=&quot;rdg-row rsqlkts rdg-row-even&quot;
          id=&quot;1&quot;
          role=&quot;row&quot;
          style=&quot;--rdg-grid-row-start: 2; --rdg-row-height: 24px;&quot;
        &gt;
          &lt;div
            aria-colindex=&quot;1&quot;
            aria-readonly=&quot;true&quot;
            class=&quot;rdg-cell c9tygie rdg-cell-frozen c2lsqdy rdg-cell-frozen-last cu9dmmf rdg-cell-column-even&quot;
            data-testid=&quot;rowCell&quot;
            style=&quot;height: 100%; grid-column-start: 1; grid-row-end: span [object Object]; inset-inline-start: var(--rdg-frozen-left-0); --rdg-summary-row-top: 24px;&quot;
            tabindex=&quot;-1&quot;...
    at Object.getElementError (C:\Users\Dineshkumar.Nadaraja\Desktop\LAI.Web.Common.UIControls.DataGrid\node_modules\@testing-library\react\node_modules\@testing-library\dom\dist\config.js:37:19)
    at C:\Users\Dineshkumar.Nadaraja\Desktop\LAI.Web.Common.UIControls.DataGrid\node_modules\@testing-library\react\node_modules\@testing-library\dom\dist\query-helpers.js:76:38
    at C:\Users\Dineshkumar.Nadaraja\Desktop\LAI.Web.Common.UIControls.DataGrid\node_modules\@testing-library\react\node_modules\@testing-library\dom\dist\query-helpers.js:52:17
    at C:\Users\Dineshkumar.Nadaraja\Desktop\LAI.Web.Common.UIControls.DataGrid\node_modules\@testing-library\react\node_modules\@testing-library\dom\dist\query-helpers.js:95:19
    at Object.getByTestId (C:\Users\Dineshkumar.Nadaraja\Desktop\LAI.Web.Common.UIControls.DataGrid\src\__test__\ContextMenu.test.js:218:30)
    at Promise.then.completed (C:\Users\Dineshkumar.Nadaraja\Desktop\LAI.Web.Common.UIControls.DataGrid\node_modules\jest-circus\build\utils.js:293:28)
    at new Promise (&lt;anonymous&gt;)
    at callAsyncCircusFn (C:\Users\Dineshkumar.Nadaraja\Desktop\LAI.Web.Common.UIControls.DataGrid\node_modules\jest-circus\build\utils.js:226:10)
    at _callCircusTest (C:\Users\Dineshkumar.Nadaraja\Desktop\LAI.Web.Common.UIControls.DataGrid\node_modules\jest-circus\build\run.js:297:40)
    at processTicksAndRejections (node:internal/process/task_queues:96:5)
    at _runTest (C:\Users\Dineshkumar.Nadaraja\Desktop\LAI.Web.Common.UIControls.DataGrid\node_modules\jest-circus\build\run.js:233:3)
    at _runTestsForDescribeBlock (C:\Users\Dineshkumar.Nadaraja\Desktop\LAI.Web.Common.UIControls.DataGrid\node_modules\jest-circus\build\run.js:135:9)
    at _runTestsForDescribeBlock (C:\Users\Dineshkumar.Nadaraja\Desktop\LAI.Web.Common.UIControls.DataGrid\node_modules\jest-circus\build\run.js:130:9)
    at run (C:\Users\Dineshkumar.Nadaraja\Desktop\LAI.Web.Common.UIControls.DataGrid\node_modules\jest-circus\build\run.js:68:3)
    at runAndTransformResultsToJestFormat (C:\Users\Dineshkumar.Nadaraja\Desktop\LAI.Web.Common.UIControls.DataGrid\node_modules\jest-circus\build\legacy-code-todo-rewrite\jestAdapterInit.js:122:21)
    at jestAdapter (C:\Users\Dineshkumar.Nadaraja\Desktop\LAI.Web.Common.UIControls.DataGrid\node_modules\jest-circus\build\legacy-code-todo-rewrite\jestAdapter.js:79:19)
    at runTestInternal (C:\Users\Dineshkumar.Nadaraja\Desktop\LAI.Web.Common.UIControls.DataGrid\node_modules\jest-runner\build\runTest.js:367:16)
    at runTest (C:\Users\Dineshkumar.Nadaraja\Desktop\LAI.Web.Common.UIControls.DataGrid\node_modules\jest-runner\build\runTest.js:444:34)
    at Object.worker (C:\Users\Dineshkumar.Nadaraja\Desktop\LAI.Web.Common.UIControls.DataGrid\node_modules\jest-runner\build\testWorker.js:106:12)</failure>
    </testcase>
  </testsuite>
  <testsuite name="Datagrid Unit test for All editors" errors="0" failures="0" skipped="0" timestamp="2023-06-15T13:30:51" time="10.553" tests="1">
    <testcase classname="Datagrid Unit test for All editors print window check" name="Datagrid Unit test for All editors print window check" time="3.142">
    </testcase>
  </testsuite>
  <testsuite name="Datagrid Unit test for Tree view" errors="0" failures="0" skipped="0" timestamp="2023-06-15T13:31:01" time="2.669" tests="4">
    <testcase classname="Datagrid Unit test for Tree view Tree view" name="Datagrid Unit test for Tree view Tree view" time="0.633">
    </testcase>
    <testcase classname="Datagrid Unit test for Tree view print window check only serial" name="Datagrid Unit test for Tree view print window check only serial" time="0.286">
    </testcase>
    <testcase classname="Datagrid Unit test for Tree view print window check only serial" name="Datagrid Unit test for Tree view print window check only serial" time="0.262">
    </testcase>
    <testcase classname="Datagrid Unit test for Tree view print window check only serial" name="Datagrid Unit test for Tree view print window check only serial" time="0.305">
    </testcase>
  </testsuite>
  <testsuite name="Datagrid Unit test" errors="0" failures="0" skipped="0" timestamp="2023-06-15T13:31:01" time="2.703" tests="2">
    <testcase classname="Datagrid Unit test Headerdata rendered &amp; on headerCell click it should be selected" name="Datagrid Unit test Headerdata rendered &amp; on headerCell click it should be selected" time="0.993">
    </testcase>
    <testcase classname="Datagrid Unit test Rowdata rendered &amp; on rowCell click it should be selected" name="Datagrid Unit test Rowdata rendered &amp; on rowCell click it should be selected" time="0.424">
    </testcase>
  </testsuite>
  <testsuite name="Datagrid Unit test" errors="0" failures="0" skipped="0" timestamp="2023-06-15T13:31:02" time="2.183" tests="1">
    <testcase classname="Datagrid Unit test should sort data when user clicks header name" name="Datagrid Unit test should sort data when user clicks header name" time="0.925">
    </testcase>
  </testsuite>
  <testsuite name="Datagrid Unit test" errors="0" failures="0" skipped="0" timestamp="2023-06-15T13:31:02" time="2.732" tests="1">
    <testcase classname="Datagrid Unit test Multiline Header rowdata should be editable on dblClick and new edited data should be rendered in that cell" name="Datagrid Unit test Multiline Header rowdata should be editable on dblClick and new edited data should be rendered in that cell" time="1.154">
    </testcase>
  </testsuite>
  <testsuite name="Datagrid Unit test for cellAccessiblity" errors="0" failures="0" skipped="0" timestamp="2023-06-15T13:31:04" time="2.723" tests="4">
    <testcase classname="Datagrid Unit test for cellAccessiblity cell data accessibility " name="Datagrid Unit test for cellAccessiblity cell data accessibility " time="0.52">
    </testcase>
    <testcase classname="Datagrid Unit test for cellAccessiblity cell data accessibility " name="Datagrid Unit test for cellAccessiblity cell data accessibility " time="0.2">
    </testcase>
    <testcase classname="Datagrid Unit test for cellAccessiblity cell double click event " name="Datagrid Unit test for cellAccessiblity cell double click event " time="0.227">
    </testcase>
    <testcase classname="Datagrid Unit test for cellAccessiblity cell double clicked gives data " name="Datagrid Unit test for cellAccessiblity cell double clicked gives data " time="0.233">
    </testcase>
  </testsuite>
  <testsuite name="Datagrid Unit test" errors="0" failures="0" skipped="0" timestamp="2023-06-15T13:31:04" time="2.233" tests="1">
    <testcase classname="Datagrid Unit test All Row selection using HeaderRow Checkbox" name="Datagrid Unit test All Row selection using HeaderRow Checkbox" time="0.617">
    </testcase>
  </testsuite>
  <testsuite name="Datagrid Unit test for Table Pagination" errors="0" failures="0" skipped="0" timestamp="2023-06-15T13:31:05" time="2.288" tests="2">
    <testcase classname="Datagrid Unit test for Table Pagination table pagination" name="Datagrid Unit test for Table Pagination table pagination" time="0.565">
    </testcase>
    <testcase classname="Datagrid Unit test for Table Pagination table pagination with selected" name="Datagrid Unit test for Table Pagination table pagination with selected" time="0.302">
    </testcase>
  </testsuite>
  <testsuite name="Datagrid Unit test for Export" errors="0" failures="0" skipped="0" timestamp="2023-06-15T13:31:06" time="1.671" tests="1">
    <testcase classname="Datagrid Unit test for Export print window check" name="Datagrid Unit test for Export print window check" time="0.27">
    </testcase>
  </testsuite>
</testsuites>