<?xml version="1.0" encoding="UTF-8"?>
<testsuites name="jest tests" tests="159" failures="0" errors="0" time="165.488">
  <testsuite name="Datagrid Unit test for rowNode" errors="0" failures="0" skipped="0" timestamp="2023-07-27T11:50:23" time="35.283" tests="2">
    <testcase classname="Datagrid Unit test for rowNode Datagrid Unit test for rownode isSelected,setSelected" name="Datagrid Unit test for rowNode Datagrid Unit test for rownode isSelected,setSelected" time="16.166">
    </testcase>
    <testcase classname="Datagrid Unit test for rowNode Datagrid Unit test for rownode isExpanded" name="Datagrid Unit test for rowNode Datagrid Unit test for rownode isExpanded" time="1.276">
    </testcase>
  </testsuite>
  <testsuite name="Datagrid Unit test for All editors" errors="0" failures="0" skipped="0" timestamp="2023-07-27T11:50:23" time="39.318" tests="11">
    <testcase classname="Datagrid Unit test for All editors editors for button" name="Datagrid Unit test for All editors editors for button" time="4.026">
    </testcase>
    <testcase classname="Datagrid Unit test for All editors editors for textEditor" name="Datagrid Unit test for All editors editors for textEditor" time="3.072">
    </testcase>
    <testcase classname="Datagrid Unit test for All editors editors for slider" name="Datagrid Unit test for All editors editors for slider" time="1.743">
    </testcase>
    <testcase classname="Datagrid Unit test for All editors editors for checkbox" name="Datagrid Unit test for All editors editors for checkbox" time="1.982">
    </testcase>
    <testcase classname="Datagrid Unit test for All editors editors for dateEditor" name="Datagrid Unit test for All editors editors for dateEditor" time="1.292">
    </testcase>
    <testcase classname="Datagrid Unit test for All editors editors for dateTimeEditor" name="Datagrid Unit test for All editors editors for dateTimeEditor" time="1.179">
    </testcase>
    <testcase classname="Datagrid Unit test for All editors editors for timeEditor" name="Datagrid Unit test for All editors editors for timeEditor" time="1.134">
    </testcase>
    <testcase classname="Datagrid Unit test for All editors editors for dropDownEditor" name="Datagrid Unit test for All editors editors for dropDownEditor" time="1.386">
    </testcase>
    <testcase classname="Datagrid Unit test for All editors editors for radioButtonEditor" name="Datagrid Unit test for All editors editors for radioButtonEditor" time="1.376">
    </testcase>
    <testcase classname="Datagrid Unit test for All editors editors for colorPicker" name="Datagrid Unit test for All editors editors for colorPicker" time="1.07">
    </testcase>
    <testcase classname="Datagrid Unit test for All editors edit cell onnavigation keydown" name="Datagrid Unit test for All editors edit cell onnavigation keydown" time="1.648">
    </testcase>
  </testsuite>
  <testsuite name="Datagrid Unit test for Scroll" errors="0" failures="0" skipped="0" timestamp="2023-07-27T11:50:23" time="43.865" tests="3">
    <testcase classname="Datagrid Unit test for Scroll Datagrid Unit test for Scrol" name="Datagrid Unit test for Scroll Datagrid Unit test for Scrol" time="19.446">
    </testcase>
    <testcase classname="Datagrid Unit test for Scroll Datagrid Unit test for EnsureScroll" name="Datagrid Unit test for Scroll Datagrid Unit test for EnsureScroll" time="8.125">
    </testcase>
    <testcase classname="Datagrid Unit test for Scroll Datagrid Unit test for api function" name="Datagrid Unit test for Scroll Datagrid Unit test for api function" time="5.931">
    </testcase>
  </testsuite>
  <testsuite name="Datagrid Unit test for rowNode" errors="0" failures="0" skipped="0" timestamp="2023-07-27T11:50:59" time="19.023" tests="2">
    <testcase classname="Datagrid Unit test for rowNode Datagrid Unit test for rownode isSelected,setSelected" name="Datagrid Unit test for rowNode Datagrid Unit test for rownode isSelected,setSelected" time="12.497">
    </testcase>
    <testcase classname="Datagrid Unit test for rowNode Datagrid Unit test for rownode isExpanded" name="Datagrid Unit test for rowNode Datagrid Unit test for rownode isExpanded" time="1.44">
    </testcase>
  </testsuite>
  <testsuite name="RowGrouping API" errors="0" failures="0" skipped="0" timestamp="2023-07-27T11:51:16" time="17.563" tests="12">
    <testcase classname="RowGrouping API getRowGroupColumns works correctly" name="RowGrouping API getRowGroupColumns works correctly" time="1.681">
    </testcase>
    <testcase classname="RowGrouping API setRowGroupColumns works correctly when columns are passed as array of objects" name="RowGrouping API setRowGroupColumns works correctly when columns are passed as array of objects" time="1.293">
    </testcase>
    <testcase classname="RowGrouping API setRowGroupColumns works correctly when columns are passed as array of strings" name="RowGrouping API setRowGroupColumns works correctly when columns are passed as array of strings" time="1.146">
    </testcase>
    <testcase classname="RowGrouping API addRowGroupColumn works correctly when column is passed as object" name="RowGrouping API addRowGroupColumn works correctly when column is passed as object" time="0.941">
    </testcase>
    <testcase classname="RowGrouping API addRowGroupColumn works correctly when column is passed as string" name="RowGrouping API addRowGroupColumn works correctly when column is passed as string" time="0.876">
    </testcase>
    <testcase classname="RowGrouping API addRowGroupColumns works correctly when columns are passed as array of objects" name="RowGrouping API addRowGroupColumns works correctly when columns are passed as array of objects" time="0.821">
    </testcase>
    <testcase classname="RowGrouping API addRowGroupColumns works correctly when columns are passed as array of strings" name="RowGrouping API addRowGroupColumns works correctly when columns are passed as array of strings" time="0.752">
    </testcase>
    <testcase classname="RowGrouping API removeRowGroupColumn works correctly when column is passed as an object" name="RowGrouping API removeRowGroupColumn works correctly when column is passed as an object" time="0.937">
    </testcase>
    <testcase classname="RowGrouping API removeRowGroupColumn works correctly when column is passed as string" name="RowGrouping API removeRowGroupColumn works correctly when column is passed as string" time="1.174">
    </testcase>
    <testcase classname="RowGrouping API removeRowGroupColumns works correctly when columns are passed an array of objects" name="RowGrouping API removeRowGroupColumns works correctly when columns are passed an array of objects" time="0.791">
    </testcase>
    <testcase classname="RowGrouping API removeRowGroupColumns works correctly when columns are passed an array of strings" name="RowGrouping API removeRowGroupColumns works correctly when columns are passed an array of strings" time="0.944">
    </testcase>
    <testcase classname="RowGrouping API moveRowGroupColumn works correctly" name="RowGrouping API moveRowGroupColumn works correctly" time="0.902">
    </testcase>
  </testsuite>
  <testsuite name="Datagrid Unit test for Group Row" errors="0" failures="0" skipped="0" timestamp="2023-07-27T11:51:17" time="17.364" tests="2">
    <testcase classname="Datagrid Unit test for Group Row group view" name="Datagrid Unit test for Group Row group view" time="6.189">
    </testcase>
    <testcase classname="Datagrid Unit test for Group Row group view api " name="Datagrid Unit test for Group Row group view api " time="3.224">
    </testcase>
  </testsuite>
  <testsuite name="Datagrid Unit test for contextmenu" errors="0" failures="0" skipped="0" timestamp="2023-07-27T11:51:19" time="16.005" tests="7">
    <testcase classname="Datagrid Unit test for contextmenu context menu and menu click " name="Datagrid Unit test for contextmenu context menu and menu click " time="1.68">
    </testcase>
    <testcase classname="Datagrid Unit test for contextmenu sub contextmenu " name="Datagrid Unit test for contextmenu sub contextmenu " time="1.157">
    </testcase>
    <testcase classname="Datagrid Unit test for contextmenu disabled menu onclick " name="Datagrid Unit test for contextmenu disabled menu onclick " time="1.041">
    </testcase>
    <testcase classname="Datagrid Unit test for contextmenu print window check" name="Datagrid Unit test for contextmenu print window check" time="3.159">
    </testcase>
    <testcase classname="Datagrid Unit test for contextmenu print window check" name="Datagrid Unit test for contextmenu print window check" time="2.86">
    </testcase>
    <testcase classname="Datagrid Unit test for contextmenu print window check" name="Datagrid Unit test for contextmenu print window check" time="2.302">
    </testcase>
    <testcase classname="Datagrid Unit test for contextmenu print window check" name="Datagrid Unit test for contextmenu print window check" time="1.458">
    </testcase>
  </testsuite>
  <testsuite name="Datagrid Unit test for Master Details" errors="0" failures="0" skipped="0" timestamp="2023-07-27T11:51:35" time="9.122" tests="4">
    <testcase classname="Datagrid Unit test for Master Details Master Details default row Tool tip" name="Datagrid Unit test for Master Details Master Details default row Tool tip" time="1.635">
    </testcase>
    <testcase classname="Datagrid Unit test for Master Details Master Details dynamic row Tool tip" name="Datagrid Unit test for Master Details Master Details dynamic row Tool tip" time="1.035">
    </testcase>
    <testcase classname="Datagrid Unit test for Master Details Master Details default cell Tool tip" name="Datagrid Unit test for Master Details Master Details default cell Tool tip" time="0.853">
    </testcase>
    <testcase classname="Datagrid Unit test for Master Details Master Details dynamic row Tool tip" name="Datagrid Unit test for Master Details Master Details dynamic row Tool tip" time="0.942">
    </testcase>
  </testsuite>
  <testsuite name="Datagrid Unit test for Tree view" errors="0" failures="0" skipped="0" timestamp="2023-07-27T11:51:35" time="9.699" tests="7">
    <testcase classname="Datagrid Unit test for Tree view Tree view" name="Datagrid Unit test for Tree view Tree view" time="2.439">
    </testcase>
    <testcase classname="Datagrid Unit test for Tree view print window check only serial" name="Datagrid Unit test for Tree view print window check only serial" time="1.109">
    </testcase>
    <testcase classname="Datagrid Unit test for Tree view print window check only serial" name="Datagrid Unit test for Tree view print window check only serial" time="1.042">
    </testcase>
    <testcase classname="Datagrid Unit test for Tree view print window check only serial" name="Datagrid Unit test for Tree view print window check only serial" time="1.06">
    </testcase>
    <testcase classname="Datagrid Unit test for Tree view Treeview Value chage" name="Datagrid Unit test for Tree view Treeview Value chage" time="0.764">
    </testcase>
    <testcase classname="Datagrid Unit test for Tree view Treeview Row select" name="Datagrid Unit test for Tree view Treeview Row select" time="0.709">
    </testcase>
    <testcase classname="Datagrid Unit test for Tree view Treeview Row select" name="Datagrid Unit test for Tree view Treeview Row select" time="0.436">
    </testcase>
  </testsuite>
  <testsuite name="Datagrid Unit test for Group Row Tool Tip" errors="0" failures="0" skipped="0" timestamp="2023-07-27T11:51:35" time="12.061" tests="4">
    <testcase classname="Datagrid Unit test for Group Row Tool Tip GroupRow Row Default Tooltip" name="Datagrid Unit test for Group Row Tool Tip GroupRow Row Default Tooltip" time="3.233">
    </testcase>
    <testcase classname="Datagrid Unit test for Group Row Tool Tip Group Row Row Dynamic Tooltip" name="Datagrid Unit test for Group Row Tool Tip Group Row Row Dynamic Tooltip" time="2.399">
    </testcase>
    <testcase classname="Datagrid Unit test for Group Row Tool Tip GroupRow Cell  Default Tooltip" name="Datagrid Unit test for Group Row Tool Tip GroupRow Cell  Default Tooltip" time="0.762">
    </testcase>
    <testcase classname="Datagrid Unit test for Group Row Tool Tip GroupRow Cell Dynamic Tooltip" name="Datagrid Unit test for Group Row Tool Tip GroupRow Cell Dynamic Tooltip" time="0.637">
    </testcase>
  </testsuite>
  <testsuite name="Datagrid Unit test for ToolTip view with multiline header" errors="0" failures="0" skipped="0" timestamp="2023-07-27T11:51:44" time="8.989" tests="1">
    <testcase classname="Datagrid Unit test for ToolTip view with multiline header ToolTip view" name="Datagrid Unit test for ToolTip view with multiline header ToolTip view" time="7.065">
    </testcase>
  </testsuite>
  <testsuite name="Datagrid Unit test for Get Model" errors="0" failures="0" skipped="0" timestamp="2023-07-27T11:51:52" time="7.552" tests="1">
    <testcase classname="Datagrid Unit test for Get Model get Model" name="Datagrid Unit test for Get Model get Model" time="5.665">
    </testcase>
  </testsuite>
  <testsuite name="Datagrid Unit test for Alignment" errors="0" failures="0" skipped="0" timestamp="2023-07-27T11:51:52" time="8.002" tests="1">
    <testcase classname="Datagrid Unit test for Alignment print window check" name="Datagrid Unit test for Alignment print window check" time="3.312">
    </testcase>
  </testsuite>
  <testsuite name="Datagrid Unit test for Summarry Row" errors="0" failures="0" skipped="0" timestamp="2023-07-27T11:51:54" time="7.737" tests="1">
    <testcase classname="Datagrid Unit test for Summarry Row print window check" name="Datagrid Unit test for Summarry Row print window check" time="2.937">
    </testcase>
  </testsuite>
  <testsuite name="Datagrid Unit test for Summary Row ToolTip" errors="0" failures="0" skipped="0" timestamp="2023-07-27T11:52:18" time="3.703" tests="4">
    <testcase classname="Datagrid Unit test for Summary Row ToolTip SummarryRow Row Default ToolTip" name="Datagrid Unit test for Summary Row ToolTip SummarryRow Row Default ToolTip" time="0.698">
    </testcase>
    <testcase classname="Datagrid Unit test for Summary Row ToolTip SummarryRow Row Dynamic ToolTip" name="Datagrid Unit test for Summary Row ToolTip SummarryRow Row Dynamic ToolTip" time="0.325">
    </testcase>
    <testcase classname="Datagrid Unit test for Summary Row ToolTip SummarryRow Cell Default ToolTip" name="Datagrid Unit test for Summary Row ToolTip SummarryRow Cell Default ToolTip" time="0.313">
    </testcase>
    <testcase classname="Datagrid Unit test for Summary Row ToolTip SummarryRow Cell Dynamic ToolTip" name="Datagrid Unit test for Summary Row ToolTip SummarryRow Cell Dynamic ToolTip" time="0.319">
    </testcase>
  </testsuite>
  <testsuite name="ToolTip test for Tree view Row" errors="0" failures="0" skipped="0" timestamp="2023-07-27T11:52:18" time="4.373" tests="5">
    <testcase classname="ToolTip test for Tree view Row Tree view Default Row" name="ToolTip test for Tree view Row Tree view Default Row" time="0.928">
    </testcase>
    <testcase classname="ToolTip test for Tree view Row Tree view  Dynamic Tooltip for Row " name="ToolTip test for Tree view Row Tree view  Dynamic Tooltip for Row " time="0.5">
    </testcase>
    <testcase classname="ToolTip test for Tree view Row Tree view Default Row without id" name="ToolTip test for Tree view Row Tree view Default Row without id" time="0.42">
    </testcase>
    <testcase classname="ToolTip test for Tree view Row Tree view Default Cell" name="ToolTip test for Tree view Row Tree view Default Cell" time="0.389">
    </testcase>
    <testcase classname="ToolTip test for Tree view Row Tree view Default Dynamic" name="ToolTip test for Tree view Row Tree view Default Dynamic" time="0.387">
    </testcase>
  </testsuite>
  <testsuite name="Datagrid Unit test for Master Details" errors="0" failures="0" skipped="0" timestamp="2023-07-27T11:52:16" time="7.625" tests="1">
    <testcase classname="Datagrid Unit test for Master Details Master Details" name="Datagrid Unit test for Master Details Master Details" time="2.452">
    </testcase>
  </testsuite>
  <testsuite name="rowSelection event test" errors="0" failures="0" skipped="0" timestamp="2023-07-27T11:52:22" time="4.707" tests="4">
    <testcase classname="rowSelection event test Single row selection with onSelectedRow " name="rowSelection event test Single row selection with onSelectedRow " time="1.064">
    </testcase>
    <testcase classname="rowSelection event test Single row selection without onSelectedRow " name="rowSelection event test Single row selection without onSelectedRow " time="0.688">
    </testcase>
    <testcase classname="rowSelection event test Multiple row selection with onSelectedRow " name="rowSelection event test Multiple row selection with onSelectedRow " time="0.684">
    </testcase>
    <testcase classname="rowSelection event test setSuppressRowClickSelection api  " name="rowSelection event test setSuppressRowClickSelection api  " time="0.234">
    </testcase>
  </testsuite>
  <testsuite name="Datagrid Unit test for MultiLine Header view" errors="0" failures="0" skipped="0" timestamp="2023-07-27T11:50:23" time="123.676" tests="6">
    <testcase classname="Datagrid Unit test for MultiLine Header view Multiline header view" name="Datagrid Unit test for MultiLine Header view Multiline header view" time="34.839">
    </testcase>
    <testcase classname="Datagrid Unit test for MultiLine Header view value Formatter cell clcik and double clcik " name="Datagrid Unit test for MultiLine Header view value Formatter cell clcik and double clcik " time="11.91">
    </testcase>
    <testcase classname="Datagrid Unit test for MultiLine Header view Multiline sort  " name="Datagrid Unit test for MultiLine Header view Multiline sort  " time="27.757">
    </testcase>
    <testcase classname="Datagrid Unit test for MultiLine Header view Multiline sort  " name="Datagrid Unit test for MultiLine Header view Multiline sort  " time="13.574">
    </testcase>
    <testcase classname="Datagrid Unit test for MultiLine Header view Multiline sort  " name="Datagrid Unit test for MultiLine Header view Multiline sort  " time="13.098">
    </testcase>
    <testcase classname="Datagrid Unit test for MultiLine Header view Multiline sort  " name="Datagrid Unit test for MultiLine Header view Multiline sort  " time="11.628">
    </testcase>
  </testsuite>
  <testsuite name="Datagrid Unit test for column Reorder" errors="0" failures="0" skipped="0" timestamp="2023-07-27T11:52:24" time="6.264" tests="3">
    <testcase classname="Datagrid Unit test for column Reorder column Reorder" name="Datagrid Unit test for column Reorder column Reorder" time="1.925">
    </testcase>
    <testcase classname="Datagrid Unit test for column Reorder column onClcik" name="Datagrid Unit test for column Reorder column onClcik" time="0.982">
    </testcase>
    <testcase classname="Datagrid Unit test for column Reorder Edit cell UseEffect" name="Datagrid Unit test for column Reorder Edit cell UseEffect" time="1.265">
    </testcase>
  </testsuite>
  <testsuite name="Datagrid Unit test for Cell Focus" errors="0" failures="0" skipped="0" timestamp="2023-07-27T11:52:24" time="3.87" tests="1">
    <testcase classname="Datagrid Unit test for Cell Focus table pagination with Cell Focus" name="Datagrid Unit test for Cell Focus table pagination with Cell Focus" time="1.966">
    </testcase>
  </testsuite>
  <testsuite name="framework components render correctly" errors="0" failures="0" skipped="0" timestamp="2023-07-27T11:52:27" time="3.1" tests="2">
    <testcase classname="framework components render correctly Page has framework checkbox components in all rows" name="framework components render correctly Page has framework checkbox components in all rows" time="0.613">
    </testcase>
    <testcase classname="framework components render correctly Page has framework button components in all rows" name="framework components render correctly Page has framework button components in all rows" time="0.51">
    </testcase>
  </testsuite>
  <testsuite name="Datagrid Unit test for Column Span" errors="0" failures="0" skipped="0" timestamp="2023-07-27T11:52:33" time="3.703" tests="2">
    <testcase classname="Datagrid Unit test for Column Span editors for button" name="Datagrid Unit test for Column Span editors for button" time="1.305">
    </testcase>
    <testcase classname="Datagrid Unit test for Column Span editors for button" name="Datagrid Unit test for Column Span editors for button" time="0.46">
    </testcase>
  </testsuite>
  <testsuite name="Datagrid Unit test" errors="0" failures="0" skipped="0" timestamp="2023-07-27T11:52:33" time="3.971" tests="2">
    <testcase classname="Datagrid Unit test should sort data when user clicks header name" name="Datagrid Unit test should sort data when user clicks header name" time="1.293">
    </testcase>
    <testcase classname="Datagrid Unit test  header keydown" name="Datagrid Unit test  header keydown" time="0.493">
    </testcase>
  </testsuite>
  <testsuite name="Datagrid Unit test" errors="0" failures="0" skipped="0" timestamp="2023-07-27T11:52:33" time="5.212" tests="2">
    <testcase classname="Datagrid Unit test Filter features" name="Datagrid Unit test Filter features" time="2.139">
    </testcase>
    <testcase classname="Datagrid Unit test Filter features" name="Datagrid Unit test Filter features" time="0.813">
    </testcase>
  </testsuite>
  <testsuite name="rowSelection event test" errors="0" failures="0" skipped="0" timestamp="2023-07-27T11:52:33" time="6.314" tests="7">
    <testcase classname="rowSelection event test Copy Paste event " name="rowSelection event test Copy Paste event " time="1.072">
    </testcase>
    <testcase classname="rowSelection event test copy checking " name="rowSelection event test copy checking " time="0.531">
    </testcase>
    <testcase classname="rowSelection event test key down escape" name="rowSelection event test key down escape" time="0.458">
    </testcase>
    <testcase classname="rowSelection event test key down arrow" name="rowSelection event test key down arrow" time="0.814">
    </testcase>
    <testcase classname="rowSelection event test key down arrow" name="rowSelection event test key down arrow" time="0.618">
    </testcase>
    <testcase classname="rowSelection event test key down arrow" name="rowSelection event test key down arrow" time="0.425">
    </testcase>
    <testcase classname="rowSelection event test key down arrow" name="rowSelection event test key down arrow" time="0.346">
    </testcase>
  </testsuite>
  <testsuite name="Show selected rows prop works correctly" errors="0" failures="0" skipped="0" timestamp="2023-07-27T11:52:37" time="4.931" tests="4">
    <testcase classname="Show selected rows prop works correctly Show selected rows is rendered when showSelectedRows prop is passed" name="Show selected rows prop works correctly Show selected rows is rendered when showSelectedRows prop is passed" time="0.603">
    </testcase>
    <testcase classname="Show selected rows prop works correctly Show selected rows is rendered when showSelectedRows=false or prop is not passed" name="Show selected rows prop works correctly Show selected rows is rendered when showSelectedRows=false or prop is not passed" time="0.302">
    </testcase>
    <testcase classname="Show selected rows prop works correctly Show selected rows shows correct number of rows when row is selected" name="Show selected rows prop works correctly Show selected rows shows correct number of rows when row is selected" time="0.749">
    </testcase>
    <testcase classname="Show selected rows prop works correctly Show selected rows shows correct number of rows when all rows are selected" name="Show selected rows prop works correctly Show selected rows shows correct number of rows when all rows are selected" time="0.915">
    </testcase>
  </testsuite>
  <testsuite name="GridAPI - Filtering APIs" errors="0" failures="0" skipped="0" timestamp="2023-07-27T11:52:39" time="3.543" tests="4">
    <testcase classname="GridAPI - Filtering APIs setQuickFilter works correctly" name="GridAPI - Filtering APIs setQuickFilter works correctly" time="0.536">
    </testcase>
    <testcase classname="GridAPI - Filtering APIs getFilterModel,setFilterModel work correctly" name="GridAPI - Filtering APIs getFilterModel,setFilterModel work correctly" time="0.298">
    </testcase>
    <testcase classname="GridAPI - Filtering APIs isColumnFilterPresent" name="GridAPI - Filtering APIs isColumnFilterPresent" time="0.286">
    </testcase>
    <testcase classname="GridAPI - Filtering APIs isAnyFilterPresent" name="GridAPI - Filtering APIs isAnyFilterPresent" time="0.259">
    </testcase>
  </testsuite>
  <testsuite name="Datagrid Unit test for Table Pagination" errors="0" failures="0" skipped="0" timestamp="2023-07-27T11:52:37" time="6.038" tests="2">
    <testcase classname="Datagrid Unit test for Table Pagination table pagination" name="Datagrid Unit test for Table Pagination table pagination" time="2.059">
    </testcase>
    <testcase classname="Datagrid Unit test for Table Pagination table pagination with selected" name="Datagrid Unit test for Table Pagination table pagination with selected" time="1.764">
    </testcase>
  </testsuite>
  <testsuite name="GridAPI" errors="0" failures="0" skipped="0" timestamp="2023-07-27T11:52:40" time="3.878" tests="5">
    <testcase classname="GridAPI setCellValue and getFirstRenderedData work correctly" name="GridAPI setCellValue and getFirstRenderedData work correctly" time="0.646">
    </testcase>
    <testcase classname="GridAPI getColumnDefs,setColumnDefs and updateColumns work correctly" name="GridAPI getColumnDefs,setColumnDefs and updateColumns work correctly" time="0.484">
    </testcase>
    <testcase classname="GridAPI getRowNode and getValue work correctly" name="GridAPI getRowNode and getValue work correctly" time="0.212">
    </testcase>
    <testcase classname="GridAPI getDisplayedRowCount,getDisplayedRowAtIndex,getFirstDisplayedRow and getLastDisplayedRow work correctly" name="GridAPI getDisplayedRowCount,getDisplayedRowAtIndex,getFirstDisplayedRow and getLastDisplayedRow work correctly" time="0.193">
    </testcase>
    <testcase classname="GridAPI getRows, getRenderedrows, getRenderedNodes and getModel work correctly" name="GridAPI getRows, getRenderedrows, getRenderedNodes and getModel work correctly" time="0.228">
    </testcase>
  </testsuite>
  <testsuite name="getSelectedNodes Works Correctly" errors="0" failures="0" skipped="0" timestamp="2023-07-27T11:52:43" time="3.317" tests="1">
    <testcase classname="getSelectedNodes Works Correctly getSelectedNodes shows correct selected nodes" name="getSelectedNodes Works Correctly getSelectedNodes shows correct selected nodes" time="1.038">
    </testcase>
  </testsuite>
  <testsuite name="Datagrid Unit test" errors="0" failures="0" skipped="0" timestamp="2023-07-27T11:52:44" time="3.253" tests="2">
    <testcase classname="Datagrid Unit test Headerdata rendered &amp; on headerCell click it should be selected" name="Datagrid Unit test Headerdata rendered &amp; on headerCell click it should be selected" time="0.964">
    </testcase>
    <testcase classname="Datagrid Unit test Rowdata rendered &amp; on rowCell click it should be selected" name="Datagrid Unit test Rowdata rendered &amp; on rowCell click it should be selected" time="0.564">
    </testcase>
  </testsuite>
  <testsuite name="Datagrid Unit test" errors="0" failures="0" skipped="0" timestamp="2023-07-27T11:52:44" time="4.654" tests="3">
    <testcase classname="Datagrid Unit test Multiline Header rowdata should be editable on dblClick and new edited data should be rendered in that cell" name="Datagrid Unit test Multiline Header rowdata should be editable on dblClick and new edited data should be rendered in that cell" time="1.317">
    </testcase>
    <testcase classname="Datagrid Unit test Edit cell onKey down" name="Datagrid Unit test Edit cell onKey down" time="0.687">
    </testcase>
    <testcase classname="Datagrid Unit test Edit cell onKey down" name="Datagrid Unit test Edit cell onKey down" time="0.628">
    </testcase>
  </testsuite>
  <testsuite name="Datagrid Unit test for Row Reorder" errors="0" failures="0" skipped="0" timestamp="2023-07-27T11:52:43" time="5.953" tests="2">
    <testcase classname="Datagrid Unit test for Row Reorder Row Reorder" name="Datagrid Unit test for Row Reorder Row Reorder" time="2.17">
    </testcase>
    <testcase classname="Datagrid Unit test for Row Reorder Row Reorder suppress Row Drag" name="Datagrid Unit test for Row Reorder Row Reorder suppress Row Drag" time="1.586">
    </testcase>
  </testsuite>
  <testsuite name="Datagrid Unit test for Export" errors="0" failures="0" skipped="0" timestamp="2023-07-27T11:52:47" time="3.204" tests="4">
    <testcase classname="Datagrid Unit test for Export CSV button and download" name="Datagrid Unit test for Export CSV button and download" time="1.029">
    </testcase>
    <testcase classname="Datagrid Unit test for Export XSLX button and downloa" name="Datagrid Unit test for Export XSLX button and downloa" time="0.269">
    </testcase>
    <testcase classname="Datagrid Unit test for Export pdf button and download" name="Datagrid Unit test for Export pdf button and download" time="0.297">
    </testcase>
    <testcase classname="Datagrid Unit test for Export exports data to XLSX file" name="Datagrid Unit test for Export exports data to XLSX file" time="0.003">
    </testcase>
  </testsuite>
  <testsuite name="MoveColumns" errors="0" failures="0" skipped="0" timestamp="2023-07-27T11:52:48" time="3.32" tests="5">
    <testcase classname="MoveColumns moveColumn works correctly when column passed as string" name="MoveColumns moveColumn works correctly when column passed as string" time="0.489">
    </testcase>
    <testcase classname="MoveColumns moveColumn works correctly when column passed as object" name="MoveColumns moveColumn works correctly when column passed as object" time="0.284">
    </testcase>
    <testcase classname="MoveColumns moveColumns works correctly when columns are passed as array of objects" name="MoveColumns moveColumns works correctly when columns are passed as array of objects" time="0.225">
    </testcase>
    <testcase classname="MoveColumns moveColumns works correctly when columns are passed as array of strings" name="MoveColumns moveColumns works correctly when columns are passed as array of strings" time="0.2">
    </testcase>
    <testcase classname="MoveColumns moveColumnByIndex works correctly" name="MoveColumns moveColumnByIndex works correctly" time="0.238">
    </testcase>
  </testsuite>
  <testsuite name="Display name column apis" errors="0" failures="0" skipped="0" timestamp="2023-07-27T11:52:50" time="3.382" tests="5">
    <testcase classname="Display name column apis getDisplayNameForColumn works correctly" name="Display name column apis getDisplayNameForColumn works correctly" time="0.352">
    </testcase>
    <testcase classname="Display name column apis getDisplayedColAfter works correctly" name="Display name column apis getDisplayedColAfter works correctly" time="0.125">
    </testcase>
    <testcase classname="Display name column apis getDisplayedColBefore works correctly" name="Display name column apis getDisplayedColBefore works correctly" time="0.118">
    </testcase>
    <testcase classname="Display name column apis getAllDisplayedVirtualColumns works correctly" name="Display name column apis getAllDisplayedVirtualColumns works correctly" time="0.125">
    </testcase>
    <testcase classname="Display name column apis getAllDisplayedColumns works correctly" name="Display name column apis getAllDisplayedColumns works correctly" time="0.123">
    </testcase>
  </testsuite>
  <testsuite name="Column Pinning" errors="0" failures="0" skipped="0" timestamp="2023-07-27T11:52:50" time="3.25" tests="4">
    <testcase classname="Column Pinning setColumnPinned works correctly when column passed as string" name="Column Pinning setColumnPinned works correctly when column passed as string" time="0.381">
    </testcase>
    <testcase classname="Column Pinning setColumnPinned works correctly when column passed as object" name="Column Pinning setColumnPinned works correctly when column passed as object" time="0.189">
    </testcase>
    <testcase classname="Column Pinning setColumnsPinned works correctly when columns are passed as array of strings" name="Column Pinning setColumnsPinned works correctly when columns are passed as array of strings" time="0.181">
    </testcase>
    <testcase classname="Column Pinning setColumnsPinned works correctly when columns are passed as array of objects" name="Column Pinning setColumnsPinned works correctly when columns are passed as array of objects" time="0.174">
    </testcase>
  </testsuite>
  <testsuite name="ColumnState API" errors="0" failures="0" skipped="0" timestamp="2023-07-27T11:52:50" time="3.409" tests="4">
    <testcase classname="ColumnState API getColumnState works correctly" name="ColumnState API getColumnState works correctly" time="0.331">
    </testcase>
    <testcase classname="ColumnState API applyColumnState works correctly" name="ColumnState API applyColumnState works correctly" time="0.194">
    </testcase>
    <testcase classname="ColumnState API defaultState passed to applyColumnState works correctly" name="ColumnState API defaultState passed to applyColumnState works correctly" time="0.203">
    </testcase>
    <testcase classname="ColumnState API resetColumnState works correctly" name="ColumnState API resetColumnState works correctly" time="0.214">
    </testcase>
  </testsuite>
  <testsuite name="Datagrid Unit test" errors="0" failures="0" skipped="0" timestamp="2023-07-27T11:52:52" time="2.973" tests="1">
    <testcase classname="Datagrid Unit test All Row selection using HeaderRow Checkbox" name="Datagrid Unit test All Row selection using HeaderRow Checkbox" time="0.862">
    </testcase>
  </testsuite>
  <testsuite name="cellrenderer works properly" errors="0" failures="0" skipped="0" timestamp="2023-07-27T11:52:54" time="2.582" tests="2">
    <testcase classname="cellrenderer works properly cellRenderer renders in every row for particular column" name="cellrenderer works properly cellRenderer renders in every row for particular column" time="0.441">
    </testcase>
    <testcase classname="cellrenderer works properly cellRenderer renders in every row for particular multiline header column" name="cellrenderer works properly cellRenderer renders in every row for particular multiline header column" time="0.2">
    </testcase>
  </testsuite>
  <testsuite name="isPinning works correctly" errors="0" failures="0" skipped="0" timestamp="2023-07-27T11:52:54" time="2.627" tests="2">
    <testcase classname="isPinning works correctly isPinning returns true if atleast one column is pinned" name="isPinning works correctly isPinning returns true if atleast one column is pinned" time="0.472">
    </testcase>
    <testcase classname="isPinning works correctly isPinning returns false if no columns are pinned" name="isPinning works correctly isPinning returns false if no columns are pinned" time="0.214">
    </testcase>
  </testsuite>
  <testsuite name="getColumn works correctly" errors="0" failures="0" skipped="0" timestamp="2023-07-27T11:52:54" time="2.669" tests="2">
    <testcase classname="getColumn works correctly getColumn gets column object of correct column(priority) when colKey passed as string" name="getColumn works correctly getColumn gets column object of correct column(priority) when colKey passed as string" time="0.504">
    </testcase>
    <testcase classname="getColumn works correctly getColumn gets column object of correct column(id) when colKey passed as object" name="getColumn works correctly getColumn gets column object of correct column(id) when colKey passed as object" time="0.174">
    </testcase>
  </testsuite>
  <testsuite name="getColumns and getAllGridColumns work correctly" errors="0" failures="0" skipped="0" timestamp="2023-07-27T11:52:55" time="2.795" tests="2">
    <testcase classname="getColumns and getAllGridColumns work correctly getColumns returns all columns" name="getColumns and getAllGridColumns work correctly getColumns returns all columns" time="0.6">
    </testcase>
    <testcase classname="getColumns and getAllGridColumns work correctly getAllGridColumns returns all grid columns" name="getColumns and getAllGridColumns work correctly getAllGridColumns returns all grid columns" time="0.163">
    </testcase>
  </testsuite>
  <testsuite name="getSelectedRows" errors="0" failures="0" skipped="0" timestamp="2023-07-27T11:52:57" time="2.561" tests="1">
    <testcase classname="getSelectedRows getSelectedRows correctly" name="getSelectedRows getSelectedRows correctly" time="0.647">
    </testcase>
  </testsuite>
  <testsuite name="rowSingleClick event test" errors="0" failures="0" skipped="0" timestamp="2023-07-27T11:52:57" time="2.929" tests="1">
    <testcase classname="rowSingleClick event test Row Single Click event works properly" name="rowSingleClick event test Row Single Click event works properly" time="0.694">
    </testcase>
  </testsuite>
  <testsuite name="SerialNumber Column Renders correctly" errors="0" failures="0" skipped="0" timestamp="2023-07-27T11:52:57" time="2.772" tests="2">
    <testcase classname="SerialNumber Column Renders correctly Page has serial number column after passing serialNumber or serialNumber=true" name="SerialNumber Column Renders correctly Page has serial number column after passing serialNumber or serialNumber=true" time="0.514">
    </testcase>
    <testcase classname="SerialNumber Column Renders correctly Page doesnt serial number column serialNumber=false or prop is not passed" name="SerialNumber Column Renders correctly Page doesnt serial number column serialNumber=false or prop is not passed" time="0.21">
    </testcase>
  </testsuite>
  <testsuite name="Datagrid Unit test for NoRows" errors="0" failures="0" skipped="0" timestamp="2023-07-27T11:52:58" time="2.663" tests="2">
    <testcase classname="Datagrid Unit test for NoRows no rows" name="Datagrid Unit test for NoRows no rows" time="0.353">
    </testcase>
    <testcase classname="Datagrid Unit test for NoRows keyGetter" name="Datagrid Unit test for NoRows keyGetter" time="0.082">
    </testcase>
  </testsuite>
  <testsuite name="GridAPI" errors="0" failures="0" skipped="0" timestamp="2023-07-27T11:53:00" time="1.894" tests="1">
    <testcase classname="GridAPI forEachNode and forEachLeafNode work correctly" name="GridAPI forEachNode and forEachLeafNode work correctly" time="0.292">
    </testcase>
  </testsuite>
  <testsuite name="GridAPI" errors="0" failures="0" skipped="0" timestamp="2023-07-27T11:53:01" time="1.956" tests="1">
    <testcase classname="GridAPI applyTransaction works correctly" name="GridAPI applyTransaction works correctly" time="0.387">
    </testcase>
  </testsuite>
</testsuites>