<?xml version="1.0" encoding="UTF-8"?>
<testsuites name="jest tests" tests="209" failures="0" errors="0" time="63.241">
  <testsuite name="Datagrid Unit test for Export" errors="0" failures="0" skipped="0" timestamp="2023-12-11T11:54:49" time="5.921" tests="1">
    <testcase classname="Datagrid Unit test for Export pdf button and download" name="Datagrid Unit test for Export pdf button and download" time="0.857">
    </testcase>
  </testsuite>
  <testsuite name="RowGrouping API" errors="0" failures="0" skipped="0" timestamp="2023-12-11T11:54:49" time="14.032" tests="12">
    <testcase classname="RowGrouping API getRowGroupColumns works correctly" name="RowGrouping API getRowGroupColumns works correctly" time="1.209">
    </testcase>
    <testcase classname="RowGrouping API setRowGroupColumns works correctly when columns are passed as array of objects" name="RowGrouping API setRowGroupColumns works correctly when columns are passed as array of objects" time="0.716">
    </testcase>
    <testcase classname="RowGrouping API setRowGroupColumns works correctly when columns are passed as array of strings" name="RowGrouping API setRowGroupColumns works correctly when columns are passed as array of strings" time="0.603">
    </testcase>
    <testcase classname="RowGrouping API addRowGroupColumn works correctly when column is passed as object" name="RowGrouping API addRowGroupColumn works correctly when column is passed as object" time="0.384">
    </testcase>
    <testcase classname="RowGrouping API addRowGroupColumn works correctly when column is passed as string" name="RowGrouping API addRowGroupColumn works correctly when column is passed as string" time="0.34">
    </testcase>
    <testcase classname="RowGrouping API addRowGroupColumns works correctly when columns are passed as array of objects" name="RowGrouping API addRowGroupColumns works correctly when columns are passed as array of objects" time="0.362">
    </testcase>
    <testcase classname="RowGrouping API addRowGroupColumns works correctly when columns are passed as array of strings" name="RowGrouping API addRowGroupColumns works correctly when columns are passed as array of strings" time="0.281">
    </testcase>
    <testcase classname="RowGrouping API removeRowGroupColumn works correctly when column is passed as an object" name="RowGrouping API removeRowGroupColumn works correctly when column is passed as an object" time="0.368">
    </testcase>
    <testcase classname="RowGrouping API removeRowGroupColumn works correctly when column is passed as string" name="RowGrouping API removeRowGroupColumn works correctly when column is passed as string" time="0.382">
    </testcase>
    <testcase classname="RowGrouping API removeRowGroupColumns works correctly when columns are passed an array of objects" name="RowGrouping API removeRowGroupColumns works correctly when columns are passed an array of objects" time="0.412">
    </testcase>
    <testcase classname="RowGrouping API removeRowGroupColumns works correctly when columns are passed an array of strings" name="RowGrouping API removeRowGroupColumns works correctly when columns are passed an array of strings" time="0.4">
    </testcase>
    <testcase classname="RowGrouping API moveRowGroupColumn works correctly" name="RowGrouping API moveRowGroupColumn works correctly" time="0.364">
    </testcase>
  </testsuite>
  <testsuite name="Datagrid Unit test for Column Tool Panel" errors="0" failures="0" skipped="0" timestamp="2023-12-11T11:54:55" time="11.472" tests="16">
    <testcase classname="Datagrid Unit test for Column Tool Panel Column Tool Panel column Only" name="Datagrid Unit test for Column Tool Panel Column Tool Panel column Only" time="1.322">
    </testcase>
    <testcase classname="Datagrid Unit test for Column Tool Panel Column Tool Panel column All in one option" name="Datagrid Unit test for Column Tool Panel Column Tool Panel column All in one option" time="1.104">
    </testcase>
    <testcase classname="Datagrid Unit test for Column Tool Panel Column Tool Panel column show/hide option" name="Datagrid Unit test for Column Tool Panel Column Tool Panel column show/hide option" time="0.718">
    </testcase>
    <testcase classname="Datagrid Unit test for Column Tool Panel Column Tool Panel column show/hide option1" name="Datagrid Unit test for Column Tool Panel Column Tool Panel column show/hide option1" time="0.397">
    </testcase>
    <testcase classname="Datagrid Unit test for Column Tool Panel Column Tool Panel column Freeze Columns option" name="Datagrid Unit test for Column Tool Panel Column Tool Panel column Freeze Columns option" time="0.47">
    </testcase>
    <testcase classname="Datagrid Unit test for Column Tool Panel Column Tool Panel column Freeze Columns option1" name="Datagrid Unit test for Column Tool Panel Column Tool Panel column Freeze Columns option1" time="0.36">
    </testcase>
    <testcase classname="Datagrid Unit test for Column Tool Panel Column Tool Panel Find" name="Datagrid Unit test for Column Tool Panel Column Tool Panel Find" time="1.235">
    </testcase>
    <testcase classname="Datagrid Unit test for Column Tool Panel Column Tool Panel Find1" name="Datagrid Unit test for Column Tool Panel Column Tool Panel Find1" time="0.468">
    </testcase>
    <testcase classname="Datagrid Unit test for Column Tool Panel Column Tool Panel column set Columns Width option" name="Datagrid Unit test for Column Tool Panel Column Tool Panel column set Columns Width option" time="0.526">
    </testcase>
    <testcase classname="Datagrid Unit test for Column Tool Panel Column Tool Panel column set Columns Width option1" name="Datagrid Unit test for Column Tool Panel Column Tool Panel column set Columns Width option1" time="0.416">
    </testcase>
    <testcase classname="Datagrid Unit test for Column Tool Panel Column Tool Panel column Re-Arrange Column option" name="Datagrid Unit test for Column Tool Panel Column Tool Panel column Re-Arrange Column option" time="0.564">
    </testcase>
    <testcase classname="Datagrid Unit test for Column Tool Panel Column Tool Panel column Re-Arrange Column option1" name="Datagrid Unit test for Column Tool Panel Column Tool Panel column Re-Arrange Column option1" time="0.385">
    </testcase>
    <testcase classname="Datagrid Unit test for Column Tool Panel Column Tool Panel Size Columns To Fit Column option" name="Datagrid Unit test for Column Tool Panel Column Tool Panel Size Columns To Fit Column option" time="0.547">
    </testcase>
    <testcase classname="Datagrid Unit test for Column Tool Panel Column Tool Panel Reset Columns Width option" name="Datagrid Unit test for Column Tool Panel Column Tool Panel Reset Columns Width option" time="0.551">
    </testcase>
    <testcase classname="Datagrid Unit test for Column Tool Panel Column Tool Panel column Only with serial" name="Datagrid Unit test for Column Tool Panel Column Tool Panel column Only with serial" time="0.324">
    </testcase>
    <testcase classname="Datagrid Unit test for Column Tool Panel Column Tool Panel column Only with selection" name="Datagrid Unit test for Column Tool Panel Column Tool Panel column Only with selection" time="0.413">
    </testcase>
  </testsuite>
  <testsuite name="Datagrid Unit test for All editors" errors="0" failures="0" skipped="0" timestamp="2023-12-11T11:54:49" time="18.631" tests="11">
    <testcase classname="Datagrid Unit test for All editors editors for button" name="Datagrid Unit test for All editors editors for button" time="2.25">
    </testcase>
    <testcase classname="Datagrid Unit test for All editors editors for textEditor" name="Datagrid Unit test for All editors editors for textEditor" time="1.284">
    </testcase>
    <testcase classname="Datagrid Unit test for All editors editors for slider" name="Datagrid Unit test for All editors editors for slider" time="0.798">
    </testcase>
    <testcase classname="Datagrid Unit test for All editors editors for checkbox" name="Datagrid Unit test for All editors editors for checkbox" time="0.85">
    </testcase>
    <testcase classname="Datagrid Unit test for All editors editors for dateEditor" name="Datagrid Unit test for All editors editors for dateEditor" time="0.609">
    </testcase>
    <testcase classname="Datagrid Unit test for All editors editors for dateTimeEditor" name="Datagrid Unit test for All editors editors for dateTimeEditor" time="0.705">
    </testcase>
    <testcase classname="Datagrid Unit test for All editors editors for timeEditor" name="Datagrid Unit test for All editors editors for timeEditor" time="0.649">
    </testcase>
    <testcase classname="Datagrid Unit test for All editors editors for dropDownEditor" name="Datagrid Unit test for All editors editors for dropDownEditor" time="0.675">
    </testcase>
    <testcase classname="Datagrid Unit test for All editors editors for radioButtonEditor" name="Datagrid Unit test for All editors editors for radioButtonEditor" time="0.778">
    </testcase>
    <testcase classname="Datagrid Unit test for All editors editors for colorPicker" name="Datagrid Unit test for All editors editors for colorPicker" time="0.7">
    </testcase>
    <testcase classname="Datagrid Unit test for All editors edit cell onnavigation keydown" name="Datagrid Unit test for All editors edit cell onnavigation keydown" time="1.07">
    </testcase>
  </testsuite>
  <testsuite name="Datagrid Unit test for Summarry Row" errors="0" failures="0" skipped="0" timestamp="2023-12-11T11:55:04" time="4.538" tests="1">
    <testcase classname="Datagrid Unit test for Summarry Row print window check" name="Datagrid Unit test for Summarry Row print window check" time="1.687">
    </testcase>
  </testsuite>
  <testsuite name="Datagrid Unit test for Tree view" errors="0" failures="0" skipped="0" timestamp="2023-12-11T11:55:07" time="4.287" tests="7">
    <testcase classname="Datagrid Unit test for Tree view Tree view" name="Datagrid Unit test for Tree view Tree view" time="0.957">
    </testcase>
    <testcase classname="Datagrid Unit test for Tree view print window check only serial" name="Datagrid Unit test for Tree view print window check only serial" time="0.488">
    </testcase>
    <testcase classname="Datagrid Unit test for Tree view print window check only serial" name="Datagrid Unit test for Tree view print window check only serial" time="0.487">
    </testcase>
    <testcase classname="Datagrid Unit test for Tree view print window check only serial" name="Datagrid Unit test for Tree view print window check only serial" time="0.407">
    </testcase>
    <testcase classname="Datagrid Unit test for Tree view Treeview Value chage" name="Datagrid Unit test for Tree view Treeview Value chage" time="0.324">
    </testcase>
    <testcase classname="Datagrid Unit test for Tree view Treeview Row select" name="Datagrid Unit test for Tree view Treeview Row select" time="0.25">
    </testcase>
    <testcase classname="Datagrid Unit test for Tree view Treeview Row select" name="Datagrid Unit test for Tree view Treeview Row select" time="0.153">
    </testcase>
  </testsuite>
  <testsuite name="Datagrid Unit test for MultiLine Header view" errors="0" failures="0" skipped="0" timestamp="2023-12-11T11:54:49" time="28.001" tests="8">
    <testcase classname="Datagrid Unit test for MultiLine Header view Multiline header view" name="Datagrid Unit test for MultiLine Header view Multiline header view" time="6.251">
    </testcase>
    <testcase classname="Datagrid Unit test for MultiLine Header view value Formatter cell clcik and double clcik " name="Datagrid Unit test for MultiLine Header view value Formatter cell clcik and double clcik " time="1.657">
    </testcase>
    <testcase classname="Datagrid Unit test for MultiLine Header view Multiline sort  " name="Datagrid Unit test for MultiLine Header view Multiline sort  " time="4.948">
    </testcase>
    <testcase classname="Datagrid Unit test for MultiLine Header view Multiline sort  " name="Datagrid Unit test for MultiLine Header view Multiline sort  " time="2.425">
    </testcase>
    <testcase classname="Datagrid Unit test for MultiLine Header view Multiline sort  " name="Datagrid Unit test for MultiLine Header view Multiline sort  " time="1.579">
    </testcase>
    <testcase classname="Datagrid Unit test for MultiLine Header view Multiline sort  " name="Datagrid Unit test for MultiLine Header view Multiline sort  " time="1.953">
    </testcase>
    <testcase classname="Datagrid Unit test for MultiLine Header view Multiline header doubleClcik " name="Datagrid Unit test for MultiLine Header view Multiline header doubleClcik " time="2.295">
    </testcase>
    <testcase classname="Datagrid Unit test for MultiLine Header view Multiline header edit " name="Datagrid Unit test for MultiLine Header view Multiline header edit " time="1.821">
    </testcase>
  </testsuite>
  <testsuite name="Datagrid Unit test for Responsive Detailed Row" errors="0" failures="0" skipped="0" timestamp="2023-12-11T11:55:15" time="5.459" tests="7">
    <testcase classname="Datagrid Unit test for Responsive Detailed Row DetailedRow Mobile view with single" name="Datagrid Unit test for Responsive Detailed Row DetailedRow Mobile view with single" time="1.141">
    </testcase>
    <testcase classname="Datagrid Unit test for Responsive Detailed Row DetailedRow Mobile view with multiple" name="Datagrid Unit test for Responsive Detailed Row DetailedRow Mobile view with multiple" time="0.599">
    </testcase>
    <testcase classname="Datagrid Unit test for Responsive Detailed Row DetailedRow desktop view with single" name="Datagrid Unit test for Responsive Detailed Row DetailedRow desktop view with single" time="1.386">
    </testcase>
    <testcase classname="Datagrid Unit test for Responsive Detailed Row DetailedRow desktop view with single" name="Datagrid Unit test for Responsive Detailed Row DetailedRow desktop view with single" time="0.429">
    </testcase>
    <testcase classname="Datagrid Unit test for Responsive Detailed Row DetailedRow Mobile view with cell ToolTip" name="Datagrid Unit test for Responsive Detailed Row DetailedRow Mobile view with cell ToolTip" time="0.261">
    </testcase>
    <testcase classname="Datagrid Unit test for Responsive Detailed Row DetailedRow Mobile view with cell ToolTip static" name="Datagrid Unit test for Responsive Detailed Row DetailedRow Mobile view with cell ToolTip static" time="0.243">
    </testcase>
    <testcase classname="Datagrid Unit test for Responsive Detailed Row DetailedRow Tab view with cell ToolTip dynamic" name="Datagrid Unit test for Responsive Detailed Row DetailedRow Tab view with cell ToolTip dynamic" time="0.231">
    </testcase>
  </testsuite>
  <testsuite name="Datagrid Unit test for Master Details" errors="0" failures="0" skipped="0" timestamp="2023-12-11T11:55:15" time="5.879" tests="4">
    <testcase classname="Datagrid Unit test for Master Details Master Details default row Tool tip" name="Datagrid Unit test for Master Details Master Details default row Tool tip" time="1.235">
    </testcase>
    <testcase classname="Datagrid Unit test for Master Details Master Details dynamic row Tool tip" name="Datagrid Unit test for Master Details Master Details dynamic row Tool tip" time="0.608">
    </testcase>
    <testcase classname="Datagrid Unit test for Master Details Master Details default cell Tool tip" name="Datagrid Unit test for Master Details Master Details default cell Tool tip" time="0.607">
    </testcase>
    <testcase classname="Datagrid Unit test for Master Details Master Details dynamic row Tool tip" name="Datagrid Unit test for Master Details Master Details dynamic row Tool tip" time="0.486">
    </testcase>
  </testsuite>
  <testsuite name="Datagrid Unit test for Group Row" errors="0" failures="0" skipped="0" timestamp="2023-12-11T11:55:19" time="5.533" tests="2">
    <testcase classname="Datagrid Unit test for Group Row group view" name="Datagrid Unit test for Group Row group view" time="0.593">
    </testcase>
    <testcase classname="Datagrid Unit test for Group Row group view api " name="Datagrid Unit test for Group Row group view api " time="0.659">
    </testcase>
  </testsuite>
  <testsuite name="Datagrid Unit test for rowNode" errors="0" failures="0" skipped="0" timestamp="2023-12-11T11:55:19" time="5.447" tests="2">
    <testcase classname="Datagrid Unit test for rowNode Datagrid Unit test for rownode isSelected,setSelected" name="Datagrid Unit test for rowNode Datagrid Unit test for rownode isSelected,setSelected" time="0.337">
    </testcase>
    <testcase classname="Datagrid Unit test for rowNode Datagrid Unit test for rownode isExpanded" name="Datagrid Unit test for rowNode Datagrid Unit test for rownode isExpanded" time="1.082">
    </testcase>
  </testsuite>
  <testsuite name="Datagrid Unit test for rowNode" errors="0" failures="0" skipped="0" timestamp="2023-12-11T11:55:21" time="3.665" tests="2">
    <testcase classname="Datagrid Unit test for rowNode Datagrid Unit test for rownode isSelected,setSelected" name="Datagrid Unit test for rowNode Datagrid Unit test for rownode isSelected,setSelected" time="0.403">
    </testcase>
    <testcase classname="Datagrid Unit test for rowNode Datagrid Unit test for rownode isExpanded" name="Datagrid Unit test for rowNode Datagrid Unit test for rownode isExpanded" time="0.739">
    </testcase>
  </testsuite>
  <testsuite name="Datagrid Unit test for Alignment" errors="0" failures="0" skipped="0" timestamp="2023-12-11T11:55:21" time="4.156" tests="1">
    <testcase classname="Datagrid Unit test for Alignment print window check" name="Datagrid Unit test for Alignment print window check" time="1.589">
    </testcase>
  </testsuite>
  <testsuite name="Datagrid Unit test for Master Details" errors="0" failures="0" skipped="0" timestamp="2023-12-11T11:55:25" time="3.364" tests="2">
    <testcase classname="Datagrid Unit test for Master Details Master Details" name="Datagrid Unit test for Master Details Master Details" time="0.679">
    </testcase>
    <testcase classname="Datagrid Unit test for Master Details Master Details editable master row" name="Datagrid Unit test for Master Details Master Details editable master row" time="0.091">
    </testcase>
  </testsuite>
  <testsuite name="rowSelection event test" errors="0" failures="0" skipped="0" timestamp="2023-12-11T11:55:25" time="3.242" tests="8">
    <testcase classname="rowSelection event test Copy Paste event " name="rowSelection event test Copy Paste event " time="0.456">
    </testcase>
    <testcase classname="rowSelection event test copy checking " name="rowSelection event test copy checking " time="0.264">
    </testcase>
    <testcase classname="rowSelection event test Copy Paste event Checking " name="rowSelection event test Copy Paste event Checking " time="0.261">
    </testcase>
    <testcase classname="rowSelection event test key down escape" name="rowSelection event test key down escape" time="0.199">
    </testcase>
    <testcase classname="rowSelection event test key down arrow" name="rowSelection event test key down arrow" time="0.341">
    </testcase>
    <testcase classname="rowSelection event test key down arrow" name="rowSelection event test key down arrow" time="0.305">
    </testcase>
    <testcase classname="rowSelection event test key down arrow" name="rowSelection event test key down arrow" time="0.213">
    </testcase>
    <testcase classname="rowSelection event test key down arrow" name="rowSelection event test key down arrow" time="0.199">
    </testcase>
  </testsuite>
  <testsuite name="Datagrid Unit test for ToolTip view with multiline header" errors="0" failures="0" skipped="0" timestamp="2023-12-11T11:55:25" time="3.007" tests="1">
    <testcase classname="Datagrid Unit test for ToolTip view with multiline header ToolTip view" name="Datagrid Unit test for ToolTip view with multiline header ToolTip view" time="1.999">
    </testcase>
  </testsuite>
  <testsuite name="Datagrid Unit test for Group Row Tool Tip" errors="0" failures="0" skipped="0" timestamp="2023-12-11T11:55:25" time="3.797" tests="4">
    <testcase classname="Datagrid Unit test for Group Row Tool Tip GroupRow Row Default Tooltip" name="Datagrid Unit test for Group Row Tool Tip GroupRow Row Default Tooltip" time="0.339">
    </testcase>
    <testcase classname="Datagrid Unit test for Group Row Tool Tip Group Row Row Dynamic Tooltip" name="Datagrid Unit test for Group Row Tool Tip Group Row Row Dynamic Tooltip" time="0.225">
    </testcase>
    <testcase classname="Datagrid Unit test for Group Row Tool Tip GroupRow Cell  Default Tooltip" name="Datagrid Unit test for Group Row Tool Tip GroupRow Cell  Default Tooltip" time="0.168">
    </testcase>
    <testcase classname="Datagrid Unit test for Group Row Tool Tip GroupRow Cell Dynamic Tooltip" name="Datagrid Unit test for Group Row Tool Tip GroupRow Cell Dynamic Tooltip" time="0.116">
    </testcase>
  </testsuite>
  <testsuite name="Datagrid Unit test for contextmenu" errors="0" failures="0" skipped="0" timestamp="2023-12-11T11:55:28" time="2.661" tests="3">
    <testcase classname="Datagrid Unit test for contextmenu context menu and menu click " name="Datagrid Unit test for contextmenu context menu and menu click " time="0.629">
    </testcase>
    <testcase classname="Datagrid Unit test for contextmenu sub contextmenu " name="Datagrid Unit test for contextmenu sub contextmenu " time="0.61">
    </testcase>
    <testcase classname="Datagrid Unit test for contextmenu disabled menu onclick " name="Datagrid Unit test for contextmenu disabled menu onclick " time="0.364">
    </testcase>
  </testsuite>
  <testsuite name="rowSelection event test" errors="0" failures="0" skipped="0" timestamp="2023-12-11T11:55:28" time="2.746" tests="4">
    <testcase classname="rowSelection event test Single row selection with onSelectedRow " name="rowSelection event test Single row selection with onSelectedRow " time="0.551">
    </testcase>
    <testcase classname="rowSelection event test Single row selection without onSelectedRow " name="rowSelection event test Single row selection without onSelectedRow " time="0.456">
    </testcase>
    <testcase classname="rowSelection event test Multiple row selection with onSelectedRow " name="rowSelection event test Multiple row selection with onSelectedRow " time="0.505">
    </testcase>
    <testcase classname="rowSelection event test setSuppressRowClickSelection api  " name="rowSelection event test setSuppressRowClickSelection api  " time="0.195">
    </testcase>
  </testsuite>
  <testsuite name="Datagrid Unit test" errors="0" failures="0" skipped="0" timestamp="2023-12-11T11:55:29" time="2.606" tests="3">
    <testcase classname="Datagrid Unit test Filter features" name="Datagrid Unit test Filter features" time="1.014">
    </testcase>
    <testcase classname="Datagrid Unit test Filter features" name="Datagrid Unit test Filter features" time="0.379">
    </testcase>
    <testcase classname="Datagrid Unit test global filter row" name="Datagrid Unit test global filter row" time="0.192">
    </testcase>
  </testsuite>
  <testsuite name="ToolTip test for Tree view Row" errors="0" failures="0" skipped="0" timestamp="2023-12-11T11:55:28" time="2.797" tests="6">
    <testcase classname="ToolTip test for Tree view Row Tree view Default Row" name="ToolTip test for Tree view Row Tree view Default Row" time="0.523">
    </testcase>
    <testcase classname="ToolTip test for Tree view Row Tree view  Dynamic Tooltip for Row " name="ToolTip test for Tree view Row Tree view  Dynamic Tooltip for Row " time="0.294">
    </testcase>
    <testcase classname="ToolTip test for Tree view Row Tree view Default Row without id" name="ToolTip test for Tree view Row Tree view Default Row without id" time="0.244">
    </testcase>
    <testcase classname="ToolTip test for Tree view Row Tree view Default Cell" name="ToolTip test for Tree view Row Tree view Default Cell" time="0.212">
    </testcase>
    <testcase classname="ToolTip test for Tree view Row Tree view Default Dynamic" name="ToolTip test for Tree view Row Tree view Default Dynamic" time="0.228">
    </testcase>
    <testcase classname="ToolTip test for Tree view Row Tree view Default Row without id" name="ToolTip test for Tree view Row Tree view Default Row without id" time="0.266">
    </testcase>
  </testsuite>
  <testsuite name="Datagrid Unit test for Summary Row ToolTip" errors="0" failures="0" skipped="0" timestamp="2023-12-11T11:55:31" time="2.504" tests="4">
    <testcase classname="Datagrid Unit test for Summary Row ToolTip SummarryRow Row Default ToolTip" name="Datagrid Unit test for Summary Row ToolTip SummarryRow Row Default ToolTip" time="0.685">
    </testcase>
    <testcase classname="Datagrid Unit test for Summary Row ToolTip SummarryRow Row Dynamic ToolTip" name="Datagrid Unit test for Summary Row ToolTip SummarryRow Row Dynamic ToolTip" time="0.206">
    </testcase>
    <testcase classname="Datagrid Unit test for Summary Row ToolTip SummarryRow Cell Default ToolTip" name="Datagrid Unit test for Summary Row ToolTip SummarryRow Cell Default ToolTip" time="0.192">
    </testcase>
    <testcase classname="Datagrid Unit test for Summary Row ToolTip SummarryRow Cell Dynamic ToolTip" name="Datagrid Unit test for Summary Row ToolTip SummarryRow Cell Dynamic ToolTip" time="0.205">
    </testcase>
  </testsuite>
  <testsuite name="Datagrid Unit test" errors="0" failures="0" skipped="0" timestamp="2023-12-11T11:55:31" time="2.74" tests="3">
    <testcase classname="Datagrid Unit test Multiline Header rowdata should be editable on dblClick and new edited data should be rendered in that cell" name="Datagrid Unit test Multiline Header rowdata should be editable on dblClick and new edited data should be rendered in that cell" time="0.693">
    </testcase>
    <testcase classname="Datagrid Unit test Edit cell onKey down" name="Datagrid Unit test Edit cell onKey down" time="0.331">
    </testcase>
    <testcase classname="Datagrid Unit test Edit cell onKey down" name="Datagrid Unit test Edit cell onKey down" time="0.354">
    </testcase>
  </testsuite>
  <testsuite name="Datagrid Unit test for Table Pagination" errors="0" failures="0" skipped="0" timestamp="2023-12-11T11:55:32" time="2.512" tests="2">
    <testcase classname="Datagrid Unit test for Table Pagination table pagination" name="Datagrid Unit test for Table Pagination table pagination" time="0.44">
    </testcase>
    <testcase classname="Datagrid Unit test for Table Pagination table pagination with selected" name="Datagrid Unit test for Table Pagination table pagination with selected" time="1.042">
    </testcase>
  </testsuite>
  <testsuite name="Show selected rows prop works correctly" errors="0" failures="0" skipped="0" timestamp="2023-12-11T11:55:32" time="2.435" tests="4">
    <testcase classname="Show selected rows prop works correctly Show selected rows is rendered when showSelectedRows prop is passed" name="Show selected rows prop works correctly Show selected rows is rendered when showSelectedRows prop is passed" time="0.309">
    </testcase>
    <testcase classname="Show selected rows prop works correctly Show selected rows is rendered when showSelectedRows=false or prop is not passed" name="Show selected rows prop works correctly Show selected rows is rendered when showSelectedRows=false or prop is not passed" time="0.166">
    </testcase>
    <testcase classname="Show selected rows prop works correctly Show selected rows shows correct number of rows when row is selected" name="Show selected rows prop works correctly Show selected rows shows correct number of rows when row is selected" time="0.468">
    </testcase>
    <testcase classname="Show selected rows prop works correctly Show selected rows shows correct number of rows when all rows are selected" name="Show selected rows prop works correctly Show selected rows shows correct number of rows when all rows are selected" time="0.402">
    </testcase>
  </testsuite>
  <testsuite name="Datagrid Unit test for Cell Focus" errors="0" failures="0" skipped="0" timestamp="2023-12-11T11:55:35" time="1.774" tests="1">
    <testcase classname="Datagrid Unit test for Cell Focus table pagination with Cell Focus" name="Datagrid Unit test for Cell Focus table pagination with Cell Focus" time="0.698">
    </testcase>
  </testsuite>
  <testsuite name="GridAPI - Filtering APIs" errors="0" failures="0" skipped="0" timestamp="2023-12-11T11:55:34" time="2.467" tests="11">
    <testcase classname="GridAPI - Filtering APIs selectAllFiltered and deselectAllFiltered" name="GridAPI - Filtering APIs selectAllFiltered and deselectAllFiltered" time="0.202">
    </testcase>
    <testcase classname="GridAPI - Filtering APIs selectAllFiltered and deselectAllFiltered with onSelectedRowsChange" name="GridAPI - Filtering APIs selectAllFiltered and deselectAllFiltered with onSelectedRowsChange" time="0.129">
    </testcase>
    <testcase classname="GridAPI - Filtering APIs setSuppressPagination" name="GridAPI - Filtering APIs setSuppressPagination" time="0.119">
    </testcase>
    <testcase classname="GridAPI - Filtering APIs setHeaderHeight" name="GridAPI - Filtering APIs setHeaderHeight" time="0.091">
    </testcase>
    <testcase classname="GridAPI - Filtering APIs forEachLeafNodeAfterFilterAndSort" name="GridAPI - Filtering APIs forEachLeafNodeAfterFilterAndSort" time="0.159">
    </testcase>
    <testcase classname="GridAPI - Filtering APIs forEachLeafNodeAfterFilter" name="GridAPI - Filtering APIs forEachLeafNodeAfterFilter" time="0.108">
    </testcase>
    <testcase classname="GridAPI - Filtering APIs setRowData" name="GridAPI - Filtering APIs setRowData" time="0.092">
    </testcase>
    <testcase classname="GridAPI - Filtering APIs addItem" name="GridAPI - Filtering APIs addItem" time="0.126">
    </testcase>
    <testcase classname="GridAPI - Filtering APIs addItems" name="GridAPI - Filtering APIs addItems" time="0.114">
    </testcase>
    <testcase classname="GridAPI - Filtering APIs removeItem" name="GridAPI - Filtering APIs removeItem" time="0.105">
    </testcase>
    <testcase classname="GridAPI - Filtering APIs removeItems" name="GridAPI - Filtering APIs removeItems" time="0.11">
    </testcase>
  </testsuite>
  <testsuite name="Datagrid Unit test for Scroll" errors="0" failures="0" skipped="0" timestamp="2023-12-11T11:55:35" time="1.798" tests="3">
    <testcase classname="Datagrid Unit test for Scroll Datagrid Unit test for Scrol" name="Datagrid Unit test for Scroll Datagrid Unit test for Scrol" time="0.408">
    </testcase>
    <testcase classname="Datagrid Unit test for Scroll Datagrid Unit test for EnsureScroll" name="Datagrid Unit test for Scroll Datagrid Unit test for EnsureScroll" time="0.196">
    </testcase>
    <testcase classname="Datagrid Unit test for Scroll Datagrid Unit test for api function" name="Datagrid Unit test for Scroll Datagrid Unit test for api function" time="0.151">
    </testcase>
  </testsuite>
  <testsuite name="Datagrid Unit test" errors="0" failures="0" skipped="0" timestamp="2023-12-11T11:55:35" time="2.132" tests="2">
    <testcase classname="Datagrid Unit test should sort data when user clicks header name" name="Datagrid Unit test should sort data when user clicks header name" time="0.673">
    </testcase>
    <testcase classname="Datagrid Unit test  header keydown" name="Datagrid Unit test  header keydown" time="0.245">
    </testcase>
  </testsuite>
  <testsuite name="Datagrid Unit test" errors="0" failures="0" skipped="0" timestamp="2023-12-11T11:55:37" time="1.533" tests="1">
    <testcase classname="Datagrid Unit test All Row selection using HeaderRow Checkbox" name="Datagrid Unit test All Row selection using HeaderRow Checkbox" time="0.472">
    </testcase>
  </testsuite>
  <testsuite name="SerialNumber Column Renders correctly" errors="0" failures="0" skipped="0" timestamp="2023-12-11T11:55:37" time="1.479" tests="4">
    <testcase classname="SerialNumber Column Renders correctly Page has serial number column after passing serialNumber or serialNumber=true" name="SerialNumber Column Renders correctly Page has serial number column after passing serialNumber or serialNumber=true" time="0.199">
    </testcase>
    <testcase classname="SerialNumber Column Renders correctly Page has serial number column after passing serialNumber or serialNumber=true" name="SerialNumber Column Renders correctly Page has serial number column after passing serialNumber or serialNumber=true" time="0.114">
    </testcase>
    <testcase classname="SerialNumber Column Renders correctly Page has serial number column after passing serialNumber or serialNumber=true" name="SerialNumber Column Renders correctly Page has serial number column after passing serialNumber or serialNumber=true" time="0.122">
    </testcase>
    <testcase classname="SerialNumber Column Renders correctly Page doesnt serial number column serialNumber=false or prop is not passed" name="SerialNumber Column Renders correctly Page doesnt serial number column serialNumber=false or prop is not passed" time="0.084">
    </testcase>
  </testsuite>
  <testsuite name="Display name column apis" errors="0" failures="0" skipped="0" timestamp="2023-12-11T11:55:37" time="1.501" tests="5">
    <testcase classname="Display name column apis getDisplayNameForColumn works correctly" name="Display name column apis getDisplayNameForColumn works correctly" time="0.158">
    </testcase>
    <testcase classname="Display name column apis getDisplayedColAfter works correctly" name="Display name column apis getDisplayedColAfter works correctly" time="0.076">
    </testcase>
    <testcase classname="Display name column apis getDisplayedColBefore works correctly" name="Display name column apis getDisplayedColBefore works correctly" time="0.062">
    </testcase>
    <testcase classname="Display name column apis getAllDisplayedVirtualColumns works correctly" name="Display name column apis getAllDisplayedVirtualColumns works correctly" time="0.06">
    </testcase>
    <testcase classname="Display name column apis getAllDisplayedColumns works correctly" name="Display name column apis getAllDisplayedColumns works correctly" time="0.053">
    </testcase>
  </testsuite>
  <testsuite name="Datagrid Unit test" errors="0" failures="0" skipped="0" timestamp="2023-12-11T11:55:37" time="1.932" tests="2">
    <testcase classname="Datagrid Unit test Headerdata rendered &amp; on headerCell click it should be selected" name="Datagrid Unit test Headerdata rendered &amp; on headerCell click it should be selected" time="0.435">
    </testcase>
    <testcase classname="Datagrid Unit test Rowdata rendered &amp; on rowCell click it should be selected" name="Datagrid Unit test Rowdata rendered &amp; on rowCell click it should be selected" time="0.342">
    </testcase>
  </testsuite>
  <testsuite name="getSelectedNodes Works Correctly" errors="0" failures="0" skipped="0" timestamp="2023-12-11T11:55:39" time="1.561" tests="1">
    <testcase classname="getSelectedNodes Works Correctly getSelectedNodes shows correct selected nodes" name="getSelectedNodes Works Correctly getSelectedNodes shows correct selected nodes" time="0.573">
    </testcase>
  </testsuite>
  <testsuite name="Column Pinning" errors="0" failures="0" skipped="0" timestamp="2023-12-11T11:55:39" time="1.479" tests="4">
    <testcase classname="Column Pinning setColumnPinned works correctly when column passed as string" name="Column Pinning setColumnPinned works correctly when column passed as string" time="0.18">
    </testcase>
    <testcase classname="Column Pinning setColumnPinned works correctly when column passed as object" name="Column Pinning setColumnPinned works correctly when column passed as object" time="0.105">
    </testcase>
    <testcase classname="Column Pinning setColumnsPinned works correctly when columns are passed as array of strings" name="Column Pinning setColumnsPinned works correctly when columns are passed as array of strings" time="0.077">
    </testcase>
    <testcase classname="Column Pinning setColumnsPinned works correctly when columns are passed as array of objects" name="Column Pinning setColumnsPinned works correctly when columns are passed as array of objects" time="0.081">
    </testcase>
  </testsuite>
  <testsuite name="GridAPI - column APIs" errors="0" failures="0" skipped="0" timestamp="2023-12-11T11:55:39" time="1.77" tests="6">
    <testcase classname="GridAPI - column APIs sizeColumnsToFit" name="GridAPI - column APIs sizeColumnsToFit" time="0.188">
    </testcase>
    <testcase classname="GridAPI - column APIs autoSizeAllColumns" name="GridAPI - column APIs autoSizeAllColumns" time="0.103">
    </testcase>
    <testcase classname="GridAPI - column APIs autoSizeColumn" name="GridAPI - column APIs autoSizeColumn" time="0.115">
    </testcase>
    <testcase classname="GridAPI - column APIs autoSizeColumns" name="GridAPI - column APIs autoSizeColumns" time="0.132">
    </testcase>
    <testcase classname="GridAPI - column APIs setColumnWidth" name="GridAPI - column APIs setColumnWidth" time="0.137">
    </testcase>
    <testcase classname="GridAPI - column APIs setColumnsWidth" name="GridAPI - column APIs setColumnsWidth" time="0.116">
    </testcase>
  </testsuite>
  <testsuite name="Datagrid Unit test for column Reorder" errors="0" failures="0" skipped="0" timestamp="2023-12-11T11:55:39" time="1.96" tests="3">
    <testcase classname="Datagrid Unit test for column Reorder column Reorder" name="Datagrid Unit test for column Reorder column Reorder" time="0.332">
    </testcase>
    <testcase classname="Datagrid Unit test for column Reorder column onClcik" name="Datagrid Unit test for column Reorder column onClcik" time="0.189">
    </testcase>
    <testcase classname="Datagrid Unit test for column Reorder Edit cell UseEffect" name="Datagrid Unit test for column Reorder Edit cell UseEffect" time="0.312">
    </testcase>
  </testsuite>
  <testsuite name="Datagrid Unit test for column hide" errors="0" failures="0" skipped="0" timestamp="2023-12-11T11:55:41" time="1.847" tests="4">
    <testcase classname="Datagrid Unit test for column hide column Hide" name="Datagrid Unit test for column hide column Hide" time="0.387">
    </testcase>
    <testcase classname="Datagrid Unit test for column hide column readOnly" name="Datagrid Unit test for column hide column readOnly" time="0.187">
    </testcase>
    <testcase classname="Datagrid Unit test for column hide Grid Key Down " name="Datagrid Unit test for column hide Grid Key Down " time="0.148">
    </testcase>
    <testcase classname="Datagrid Unit test for column hide column readOnly multiline area" name="Datagrid Unit test for column hide column readOnly multiline area" time="0.103">
    </testcase>
  </testsuite>
  <testsuite name="GridAPI" errors="0" failures="0" skipped="0" timestamp="2023-12-11T11:55:41" time="1.991" tests="5">
    <testcase classname="GridAPI setCellValue and getFirstRenderedData work correctly" name="GridAPI setCellValue and getFirstRenderedData work correctly" time="0.238">
    </testcase>
    <testcase classname="GridAPI getColumnDefs,setColumnDefs and updateColumns work correctly" name="GridAPI getColumnDefs,setColumnDefs and updateColumns work correctly" time="0.193">
    </testcase>
    <testcase classname="GridAPI getRowNode and getValue work correctly" name="GridAPI getRowNode and getValue work correctly" time="0.122">
    </testcase>
    <testcase classname="GridAPI getDisplayedRowCount,getDisplayedRowAtIndex,getFirstDisplayedRow and getLastDisplayedRow work correctly" name="GridAPI getDisplayedRowCount,getDisplayedRowAtIndex,getFirstDisplayedRow and getLastDisplayedRow work correctly" time="0.12">
    </testcase>
    <testcase classname="GridAPI getRows, getRenderedrows, getRenderedNodes and getModel work correctly" name="GridAPI getRows, getRenderedrows, getRenderedNodes and getModel work correctly" time="0.184">
    </testcase>
  </testsuite>
  <testsuite name="Datagrid Unit test for Column Span" errors="0" failures="0" skipped="0" timestamp="2023-12-11T11:55:41" time="2.185" tests="2">
    <testcase classname="Datagrid Unit test for Column Span key downs in column span area" name="Datagrid Unit test for Column Span key downs in column span area" time="0.851">
    </testcase>
    <testcase classname="Datagrid Unit test for Column Span key downs in column span area" name="Datagrid Unit test for Column Span key downs in column span area" time="0.293">
    </testcase>
  </testsuite>
  <testsuite name="Datagrid Unit test for Row Reorder" errors="0" failures="0" skipped="0" timestamp="2023-12-11T11:55:41" time="2.003" tests="2">
    <testcase classname="Datagrid Unit test for Row Reorder Row Reorder" name="Datagrid Unit test for Row Reorder Row Reorder" time="0.433">
    </testcase>
    <testcase classname="Datagrid Unit test for Row Reorder Row Reorder suppress Row Drag" name="Datagrid Unit test for Row Reorder Row Reorder suppress Row Drag" time="0.376">
    </testcase>
  </testsuite>
  <testsuite name="rowSingleClick event test" errors="0" failures="0" skipped="0" timestamp="2023-12-11T11:55:43" time="1.594" tests="1">
    <testcase classname="rowSingleClick event test Row Single Click event works properly" name="rowSingleClick event test Row Single Click event works properly" time="0.364">
    </testcase>
  </testsuite>
  <testsuite name="GridAPI - Filtering APIs" errors="0" failures="0" skipped="0" timestamp="2023-12-11T11:55:43" time="1.716" tests="4">
    <testcase classname="GridAPI - Filtering APIs setQuickFilter works correctly" name="GridAPI - Filtering APIs setQuickFilter works correctly" time="0.192">
    </testcase>
    <testcase classname="GridAPI - Filtering APIs getFilterModel,setFilterModel work correctly" name="GridAPI - Filtering APIs getFilterModel,setFilterModel work correctly" time="0.136">
    </testcase>
    <testcase classname="GridAPI - Filtering APIs isColumnFilterPresent" name="GridAPI - Filtering APIs isColumnFilterPresent" time="0.161">
    </testcase>
    <testcase classname="GridAPI - Filtering APIs isAnyFilterPresent" name="GridAPI - Filtering APIs isAnyFilterPresent" time="0.133">
    </testcase>
  </testsuite>
  <testsuite name="MoveColumns" errors="0" failures="0" skipped="0" timestamp="2023-12-11T11:55:43" time="1.809" tests="5">
    <testcase classname="MoveColumns moveColumn works correctly when column passed as string" name="MoveColumns moveColumn works correctly when column passed as string" time="0.208">
    </testcase>
    <testcase classname="MoveColumns moveColumn works correctly when column passed as object" name="MoveColumns moveColumn works correctly when column passed as object" time="0.116">
    </testcase>
    <testcase classname="MoveColumns moveColumns works correctly when columns are passed as array of objects" name="MoveColumns moveColumns works correctly when columns are passed as array of objects" time="0.094">
    </testcase>
    <testcase classname="MoveColumns moveColumns works correctly when columns are passed as array of strings" name="MoveColumns moveColumns works correctly when columns are passed as array of strings" time="0.107">
    </testcase>
    <testcase classname="MoveColumns moveColumnByIndex works correctly" name="MoveColumns moveColumnByIndex works correctly" time="0.108">
    </testcase>
  </testsuite>
  <testsuite name="Datagrid Unit test for refresh Cell For all" errors="0" failures="0" skipped="0" timestamp="2023-12-11T11:55:43" time="2.079" tests="4">
    <testcase classname="Datagrid Unit test for refresh Cell For all  test for refresh Cell For normall cell" name="Datagrid Unit test for refresh Cell For all  test for refresh Cell For normall cell" time="0.336">
    </testcase>
    <testcase classname="Datagrid Unit test for refresh Cell For all  test for refresh Cell For Tree cell" name="Datagrid Unit test for refresh Cell For all  test for refresh Cell For Tree cell" time="0.273">
    </testcase>
    <testcase classname="Datagrid Unit test for refresh Cell For all  test for refresh Cell For master cell" name="Datagrid Unit test for refresh Cell For all  test for refresh Cell For master cell" time="0.137">
    </testcase>
    <testcase classname="Datagrid Unit test for refresh Cell For all test for refresh Cell For DetailedRow  cell" name="Datagrid Unit test for refresh Cell For all test for refresh Cell For DetailedRow  cell" time="0.148">
    </testcase>
  </testsuite>
  <testsuite name="cellrenderer works properly" errors="0" failures="0" skipped="0" timestamp="2023-12-11T11:55:45" time="1.589" tests="2">
    <testcase classname="cellrenderer works properly cellRenderer renders in every row for particular column" name="cellrenderer works properly cellRenderer renders in every row for particular column" time="0.282">
    </testcase>
    <testcase classname="cellrenderer works properly cellRenderer renders in every row for particular multiline header column" name="cellrenderer works properly cellRenderer renders in every row for particular multiline header column" time="0.143">
    </testcase>
  </testsuite>
  <testsuite name="Datagrid Unit test for NoRows" errors="0" failures="0" skipped="0" timestamp="2023-12-11T11:55:45" time="1.391" tests="3">
    <testcase classname="Datagrid Unit test for NoRows no rows" name="Datagrid Unit test for NoRows no rows" time="0.192">
    </testcase>
    <testcase classname="Datagrid Unit test for NoRows keyGetter" name="Datagrid Unit test for NoRows keyGetter" time="0.048">
    </testcase>
    <testcase classname="Datagrid Unit test for NoRows keyGetter" name="Datagrid Unit test for NoRows keyGetter" time="0.042">
    </testcase>
  </testsuite>
  <testsuite name="Datagrid Unit test for Get Model" errors="0" failures="0" skipped="0" timestamp="2023-12-11T11:55:45" time="1.527" tests="1">
    <testcase classname="Datagrid Unit test for Get Model get Model" name="Datagrid Unit test for Get Model get Model" time="0.355">
    </testcase>
  </testsuite>
  <testsuite name="ColumnState API" errors="0" failures="0" skipped="0" timestamp="2023-12-11T11:55:45" time="1.61" tests="4">
    <testcase classname="ColumnState API getColumnState works correctly" name="ColumnState API getColumnState works correctly" time="0.151">
    </testcase>
    <testcase classname="ColumnState API applyColumnState works correctly" name="ColumnState API applyColumnState works correctly" time="0.097">
    </testcase>
    <testcase classname="ColumnState API defaultState passed to applyColumnState works correctly" name="ColumnState API defaultState passed to applyColumnState works correctly" time="0.096">
    </testcase>
    <testcase classname="ColumnState API resetColumnState works correctly" name="ColumnState API resetColumnState works correctly" time="0.096">
    </testcase>
  </testsuite>
  <testsuite name="getSelectedRows" errors="0" failures="0" skipped="0" timestamp="2023-12-11T11:55:47" time="1.549" tests="1">
    <testcase classname="getSelectedRows getSelectedRows correctly" name="getSelectedRows getSelectedRows correctly" time="0.375">
    </testcase>
  </testsuite>
  <testsuite name="getColumns and getAllGridColumns work correctly" errors="0" failures="0" skipped="0" timestamp="2023-12-11T11:55:47" time="1.591" tests="2">
    <testcase classname="getColumns and getAllGridColumns work correctly getColumns returns all columns" name="getColumns and getAllGridColumns work correctly getColumns returns all columns" time="0.23">
    </testcase>
    <testcase classname="getColumns and getAllGridColumns work correctly getAllGridColumns returns all grid columns" name="getColumns and getAllGridColumns work correctly getAllGridColumns returns all grid columns" time="0.119">
    </testcase>
  </testsuite>
  <testsuite name="getColumn works correctly" errors="0" failures="0" skipped="0" timestamp="2023-12-11T11:55:47" time="1.766" tests="2">
    <testcase classname="getColumn works correctly getColumn gets column object of correct column(priority) when colKey passed as string" name="getColumn works correctly getColumn gets column object of correct column(priority) when colKey passed as string" time="0.226">
    </testcase>
    <testcase classname="getColumn works correctly getColumn gets column object of correct column(id) when colKey passed as object" name="getColumn works correctly getColumn gets column object of correct column(id) when colKey passed as object" time="0.154">
    </testcase>
  </testsuite>
  <testsuite name="isPinning works correctly" errors="0" failures="0" skipped="0" timestamp="2023-12-11T11:55:47" time="1.588" tests="2">
    <testcase classname="isPinning works correctly isPinning returns true if atleast one column is pinned" name="isPinning works correctly isPinning returns true if atleast one column is pinned" time="0.229">
    </testcase>
    <testcase classname="isPinning works correctly isPinning returns false if no columns are pinned" name="isPinning works correctly isPinning returns false if no columns are pinned" time="0.12">
    </testcase>
  </testsuite>
  <testsuite name="framework components render correctly" errors="0" failures="0" skipped="0" timestamp="2023-12-11T11:55:49" time="1.023" tests="2">
    <testcase classname="framework components render correctly Page has framework checkbox components in all rows" name="framework components render correctly Page has framework checkbox components in all rows" time="0.121">
    </testcase>
    <testcase classname="framework components render correctly Page has framework button components in all rows" name="framework components render correctly Page has framework button components in all rows" time="0.067">
    </testcase>
  </testsuite>
  <testsuite name="GridAPI" errors="0" failures="0" skipped="0" timestamp="2023-12-11T11:55:49" time="1.021" tests="1">
    <testcase classname="GridAPI applyTransaction works correctly" name="GridAPI applyTransaction works correctly" time="0.18">
    </testcase>
  </testsuite>
  <testsuite name="GridAPI" errors="0" failures="0" skipped="0" timestamp="2023-12-11T11:55:49" time="1.047" tests="1">
    <testcase classname="GridAPI forEachNode and forEachLeafNode work correctly" name="GridAPI forEachNode and forEachLeafNode work correctly" time="0.194">
    </testcase>
  </testsuite>
</testsuites>